procs -----------memory---------- ---swap-- -----io---- -system-- ------cpu-----
 r  b   swpd   free   buff  cache   si   so    bi    bo   in   cs us sy id wa st
 0  0      0 5980832   5244 6487940    0    0     0     5    2    9  1  1 99  0  0
 0  0      0 5980624   5244 6487944    0    0     0     0 1342 1971  1  1 98  0  0
 0  0      0 5980580   5244 6487944    0    0     0     0 1725 2532  1  1 98  0  0
 2  0      0 5981132   5244 6487944    0    0     0     0 6546 4508 10 11 80  0  0
 3  0      0 5982580   5244 6487944    0    0     0     0 11504 6614 16 17 67  0  0
 5  0      0 5983392   5244 6487944    0    0     0     0 15045 8481 22 24 54  0  0
 7  0      0 5982420   5244 6487944    0    0     0     0 14658 7805 26 26 48  0  0
 4  0      0 6012180   5244 6487944    0    0     0     0 15048 3734 37 46 17  0  0
12  0      0 6013616   5244 6487940    0    0     0     0 13963 2157 38 51 12  0  0
 2  0      0 6012304   5244 6487940    0    0     0     0 20153 5337 40 44 16  0  0
 4  0      0 6012764   5244 6487940    0    0     0     0 20092 8215 43 39 19  0  0
 8  0      0 5998624   5244 6487936    0    0     0     0 17591 5264 43 41 15  0  0
 5  0      0 5996600   5244 6487936    0    0     0     0 18504 4156 43 46 11  0  0
 6  0      0 6039404   5244 6487936    0    0     0     0 16414 2181 43 46 11  0  0
 0  0      0 6039048   5244 6487936    0    0     0     0 12341 3288 31 31 38  0  0
 0  0      0 6038632   5244 6487936    0    0     0     3 8556 3194 21 23 57  0  0
 8  0      0 6036028   5244 6487952    0    0     0     0 11439 2801 25 27 49  0  0
 4  0      0 6036404   5244 6487952    0    0     0     0 7702 2681 16 19 65  0  0
 7  0      0 6036744   5244 6487984    0    0     0     0 18407 2838 35 41 24  0  0
 4  0      0 6036888   5244 6488000    0    0     0     0 8529 3885 16 19 64  0  0
 2  0      0 6036460   5244 6488016    0    0     0     0 9375 2889 18 23 59  0  0
procs -----------memory---------- ---swap-- -----io---- -system-- ------cpu-----
 r  b   swpd   free   buff  cache   si   so    bi    bo   in   cs us sy id wa st
 1  0      0 6037128   5244 6488032    0    0     0     0 10247 3107 19 23 58  0  0
 7  0      0 6036684   5244 6488048    0    0     0     0 11500 2844 18 24 59  0  0
 2  0      0 6058176   5244 6488064    0    0     0     0 18625 2162 38 40 22  0  0
14  0      0 6058512   5244 6488080    0    0     0     0 15232 2217 28 30 42  0  0
 2  0      0 6055892   5244 6488080    0    0     0     0 16107 3191 30 33 37  0  0
 0  0      0 6056928   5244 6488080    0    0     0     0 15321 3746 28 31 42  0  0
 4  0      0 6056652   5244 6488080    0    0     0     0 17794 3010 39 45 17  0  0
 1  0      0 6084276   5244 6488080    0    0     0     8 13205 3104 26 28 46  0  0
 2  0      0 6083796   5244 6488080    0    0     0     0 17262 3564 31 34 35  0  0
 5  0      0 6084532   5244 6488096    0    0     0     0 16748 2255 31 33 36  0  0
 4  0      0 6080744   5244 6488096    0    0     0     0 12765 3549 30 30 40  0  0
 2  0      0 6080416   5244 6488112    0    0     0     0 16591 3546 32 35 33  0  0
 1  0      0 6079936   5244 6488112    0    0     0     4 16179 3185 31 32 37  0  0
 7  0      0 6107840   5244 6488112    0    0     0     0 14832 3223 34 34 32  0  0
 0  0      0 6107880   5244 6488112    0    0     0     0 16087 3117 30 34 35  0  0
 0  0      0 6104428   5244 6488112    0    0     0     0 18523 2708 34 35 31  0  0
 7  0      0 6106432   5244 6488112    0    0     0     0 14323 3005 32 35 34  0  0
 3  0      0 6132692   5244 6488112    0    0     0     0 14992 2736 32 33 35  0  0
 0  0      0 6131972   5244 6488112    0    0     0     0 16577 3172 30 32 38  0  0
 7  0      0 6129596   5244 6488112    0    0     0     0 14401 3740 27 30 43  0  0
 7  0      0 6128660   5244 6488112    0    0     0     0 14801 3007 28 32 40  0  0
procs -----------memory---------- ---swap-- -----io---- -system-- ------cpu-----
 r  b   swpd   free   buff  cache   si   so    bi    bo   in   cs us sy id wa st
 5  0      0 6153284   5244 6488112    0    0     0     0 19022 3073 36 39 25  0  0
13  0      0 6153284   5244 6488112    0    0     0     0 16154 1355 35 36 29  0  0
 5  0      0 6149648   5244 6488116    0    0     0     0 10658 2928 24 24 52  0  0
 7  0      0 6150096   5244 6488116    0    0     0    31 22785 2515 41 46 13  0  0
 4  0      0 6170264   5244 6488116    0    0     0     0 17187 2302 43 42 15  0  0
 5  0      0 6166992   5244 6488116    0    0     0     0 13659 2108 37 37 26  0  0
 7  0      0 6167504   5244 6488116    0    0     0     0 11503 3536 30 30 40  0  0
 5  0      0 6188300   5244 6488116    0    0     0     0 16648 2735 41 43 16  0  0
 9  0      0 6185772   5244 6488116    0    0     0     0 13888 1868 39 46 15  0  0
 1  0      0 6185300   5244 6488116    0    0     0     0 23166 2293 44 47  8  0  0
 4  0      0 6204804   5244 6488116    0    0     0     0 15317 2036 39 41 20  0  0
 3  0      0 6201244   5244 6488116    0    0     0     0 16161 2240 44 44 11  0  0
 4  0      0 6217188   5244 6488116    0    0     0     0 15929 2420 45 44 11  0  0
 4  0      0 6190332   5244 6488116    0    0     0     0 15702 2352 43 42 15  0  0
11  0      0 6189836   5244 6488116    0    0     0     0 14353 1113 40 40 20  0  0
 7  0      0 6167116   5244 6488116    0    0     0     0 14319 1541 39 39 22  0  0
 7  0      0 6136096   5244 6488116    0    0     0     0 16111 1759 45 45 11  0  0
 4  2      0 6134456   5244 6488116    0    0     0     8 15124 2363 43 46  5  7  0
 6  0      0 6105760   5244 6488116    0    0     0     0 17418 1565 47 48  2  3  0
12  0      0 6067456   5244 6488116    0    0     0     0 14185 1654 42 41 17  0  0
 3  0      0 6065920   5244 6488116    0    0     0     0 13341 1677 37 38 26  0  0
procs -----------memory---------- ---swap-- -----io---- -system-- ------cpu-----
 r  b   swpd   free   buff  cache   si   so    bi    bo   in   cs us sy id wa st
 5  0      0 6027688   5244 6488116    0    0     0     0 16039 2544 43 42 15  0  0
 9  0      0 6027920   5244 6488116    0    0     0     8 8029 3040 18 19 62  0  0
 0  0      0 6028152   5244 6488116    0    0     0     0 7457 2465 19 21 60  0  0
 0  0      0 6027664   5244 6488116    0    0     0     0 10812 2140 22 26 52  0  0
 0  0      0 6029260   5244 6488116    0    0     0     0 6228 2242 11 13 76  0  0
 7  0      0 6062092   5244 6488116    0    0     0     0 21458 1693 40 45 14  0  0
 5  0      0 6062948   5244 6488116    0    0     0     0 19653 1778 46 47  7  0  0
 6  0      0 6059416   5244 6488116    0    0     0     0 16573 1954 46 47  8  0  0
 9  0      0 6059548   5244 6488116    0    0     0     0 17500 1319 49 47  3  0  0
 8  0      0 6087908   5244 6488116    0    0     0     0 12035 2265 34 33 34  0  0
 4  0      0 6084136   5244 6488116    0    0     0     0 15997 1874 44 43 13  0  0
 7  0      0 6083800   5244 6488116    0    0     0     9 16502 3308 44 44 12  0  0
 3  0      0 6111668   5244 6488116    0    0     0    37 15448 1949 43 44 13  0  0
 5  0      0 6106948   5244 6488116    0    0     0     0 17108 2387 46 46  8  0  0
 0  0      0 6106748   5244 6488116    0    0     0     0 9983 2712 25 25 50  0  0
 5  0      0 6105964   5244 6488116    0    0     0     0 14937 2531 34 36 31  0  0
 5  0      0 6130868   5244 6488116    0    0     0     0 16151 3410 32 34 34  0  0
12  0      0 6130312   5244 6488116    0    0     0     0 23581 1535 46 50  4  0  0
 6  0      0 6128360   5244 6488116    0    0     0     0 16731 1351 45 44 11  0  0
 5  0      0 6152964   5244 6488116    0    0     0     0 15128 1616 43 41 16  0  0
 5  0      0 6149408   5244 6488116    0    0     0     0 15718 1874 46 44 10  0  0
procs -----------memory---------- ---swap-- -----io---- -system-- ------cpu-----
 r  b   swpd   free   buff  cache   si   so    bi    bo   in   cs us sy id wa st
 4  0      0 6170828   5244 6488116    0    0     0     0 16070 1528 46 44 10  0  0
 6  0      0 6170748   5244 6488116    0    0     0     0 16425 1902 47 48  6  0  0
 0  0      0 6167200   5244 6488116    0    0     0     0 15595 1643 44 42 15  0  0
11  0      0 6182828   5244 6488116    0    0     0     0 12595 2071 37 35 29  0  0
 6  0      0 6164564   5244 6488116    0    0     0     0 17115 1117 47 48  6  0  0
 6  0      0 6131916   5244 6488120    0    0     0     8 15170 3062 41 42 17  0  0
 7  0      0 6130148   5244 6488120    0    0     0     0 16952 1478 48 50  2  0  0
 2  0      0 6100984   5244 6488120    0    0     0     0 16248 2146 47 46  8  0  0
 1  0      0 6065448   5244 6488120    0    0     0     0 12650 1893 36 36 29  0  0
 6  0      0 6096936   5244 6488120    0    0     0     0 16814 1696 46 47  8  0  0
 5  0      0 6091892   5244 6488120    0    0     0     8 15185 2826 44 42 14  0  0
 3  0      0 6119092   5244 6488120    0    0     0     0 26937 2794 44 44 12  0  0
 5  0      0 6115404   5244 6488120    0    0     0     0 13880 1505 39 39 23  0  0
 1  0      0 6116352   5244 6488120    0    0     0     0 17734 1542 49 48  2  0  0
 6  0      0 6142608   5244 6488120    0    0     0     0 16702 1665 47 46  7  0  0
 5  0      0 6139504   5244 6488120    0    0     0     0 15801 2719 44 42 14  0  0
11  0      0 6161448   5244 6488120    0    0     0     0 15647 1467 47 45  8  0  0
 7  0      0 6158932   5244 6488120    0    0     0     0 12135 2175 31 31 37  0  0
 7  0      0 6157728   5244 6488120    0    0     0     0 17588 2210 46 46  8  0  0
 7  0      0 6179144   5244 6488120    0    0     0     0 16551 1748 46 44 10  0  0
 8  0      0 6176132   5244 6488120    0    0     0    60 16024 2075 45 43 13  0  0
procs -----------memory---------- ---swap-- -----io---- -system-- ------cpu-----
 r  b   swpd   free   buff  cache   si   so    bi    bo   in   cs us sy id wa st
 7  0      0 6170484   5244 6488120    0    0     0     0 16078 2506 45 43 12  0  0
 7  0      0 6146544   5244 6488120    0    0     0     0 11890 2575 31 31 38  0  0
 0  0      0 6145448   5244 6488120    0    0     0     0 16476 2081 37 39 24  0  0
 4  0      0 6142544   5244 6488120    0    0     0     0 17816 3391 40 39 21  0  0
 9  0      0 6138564   5244 6488120    0    0     0     0 17198 1050 46 46  8  0  0
 1  0      0 6137012   5244 6488120    0    0     0     0 15062 1586 48 46  7  0  0
 6  0      0 6160660   5244 6488120    0    0     0    76 13329 1744 40 38 22  0  0
 6  0      0 6156844   5244 6488120    0    0     0     0 16788 1595 46 45 10  0  0
 1  0      0 6173624   5244 6488120    0    0     0     0 15943 1909 46 44 10  0  0
 9  0      0 6153956   5244 6488120    0    0     0    12 16087 1024 48 44  8  0  0
 6  0      0 6121388   5244 6488120    0    0     0     0 16071 1609 45 44 10  0  0
 5  0      0 6120676   5244 6488120    0    0     0     0 14750 2484 38 38 24  0  0
 7  0      0 6088676   5244 6488120    0    0     0     0 16744 2684 45 45 10  0  0
 4  0      0 6086892   5244 6488120    0    0     0     0 16818 1720 48 44  8  0  0
 7  0      0 6086464   5244 6488120    0    0     0    12 15959 2301 44 42 14  0  0
 7  0      0 6081564   5244 6488120    0    0     0     0 17076 1487 48 45  6  0  0
13  0      0 6081148   5244 6488120    0    0     0     0 12886 1617 35 35 30  0  0
 5  0      0 6109412   5244 6488120    0    0     0     0 18428 1885 41 39 20  0  0
 7  0      0 6106216   5244 6488120    0    0     0     0 18667 2488 42 42 16  0  0
 5  0      0 6105844   5244 6488120    0    0     0    12 16876 2262 45 44 11  0  0
 7  0      0 6133032   5244 6488120    0    0     0     0 16008 1841 43 45 12  0  0
procs -----------memory---------- ---swap-- -----io---- -system-- ------cpu-----
 r  b   swpd   free   buff  cache   si   so    bi    bo   in   cs us sy id wa st
 8  0      0 6131504   5244 6488120    0    0     0     0 12001 1818 34 31 34  0  0
 1  0      0 6132484   5244 6488120    0    0     0     0 7995 2329 20 20 60  0  0
 6  0      0 6132596   5244 6488120    0    0     0     0 11763 3555 21 25 54  0  0
 0  0      0 6132624   5244 6488120    0    0     0    12 7092 2660 13 14 74  0  0
 9  0      0 6132284   5244 6488120    0    0     0     0 6819 2507 10 13 77  0  0
 0  0      0 6157132   5244 6488120    0    0     0     0 5138 2654  9  9 83  0  0
 0  0      0 6156120   5244 6488120    0    0     0     0 7192 2496  9 13 78  0  0
 0  0      0 6155876   5244 6488124    0    0     0     0 7870 4350 11 14 75  0  0
 1  0      0 6155504   5244 6488124    0    0     0    19 7062 3501 11 13 76  0  0
12  0      0 6155452   5244 6488124    0    0     0     2 18159 1409 30 38 31  0  0
 0  0      0 6153412   5244 6487996    0    0     0     0 14029 3441 26 27 47  0  0
 4  0      0 6152920   5244 6487948    0    0     0     0 17202 3925 37 39 25  0  0
 3  0      0 6152656   5244 6487948    0    0     0     0 17902 7291 32 30 38  0  0
 1  0      0 6178004   5244 6487948    0    0     0     0 16584 7541 28 29 43  0  0
 1  0      0 6179656   5244 6487948    0    0     0    12 13047 8074 23 21 55  0  0
 5  0      0 6180744   5244 6487948    0    0     0     0 10649 6542 20 19 61  0  0
 0  0      0 6180296   5244 6487948    0    0     0     0 3090 2748  5  5 91  0  0
 0  0      0 6180328   5244 6487948    0    0     0     0 1839 2650  2  2 97  0  0
 0  0      0 6180244   5244 6487948    0    0     0     0 1379 2021  1  1 98  0  0
 0  0      0 6180284   5244 6487948    0    0     0    12 1570 2329  1  1 98  0  0
 1  0      0 6180172   5244 6487948    0    0     0     0 1614 2099  2  2 96  0  0
procs -----------memory---------- ---swap-- -----io---- -system-- ------cpu-----
 r  b   swpd   free   buff  cache   si   so    bi    bo   in   cs us sy id wa st
 0  0      0 6179944   5244 6487948    0    0     0     0 1667 2272  1  1 97  0  0
 0  0      0 6180232   5244 6487948    0    0     0     0 2149 3037  1  2 97  0  0
 0  0      0 6180112   5244 6487948    0    0     0     0 1608 2281  1  1 98  0  0
