procs -----------memory---------- ---swap-- -----io---- -system-- ------cpu-----
 r  b   swpd   free   buff  cache   si   so    bi    bo   in   cs us sy id wa st
 0  0      0 6469352   5244 6218868    0    0     0     5    7    5  1  1 99  0  0
 1  0      0 6469584   5244 6218872    0    0     0     0 1365 1991  1  1 98  0  0
 1  0      0 6458024   5244 6218872    0    0     0     0 1738 2588  2  1 97  0  0
 0  0      0 6471904   5244 6218872    0    0     0     0 1605 2362  1  2 97  0  0
 0  0      0 6472128   5244 6218872    0    0     0     0 1572 2399  1  1 98  0  0
 2  0      0 6472000   5244 6218872    0    0     0     0 5399 3536  7  8 85  0  0
 2  0      0 6471580   5244 6218856    0    0     0     0 11754 5536 15 20 65  0  0
 5  0      0 6484528   5244 6218824    0    0     0     0 13526 5517 24 28 48  0  0
 5  0      0 6497680   5244 6218824    0    0     0     0 16253 7300 26 31 43  0  0
 0  0      0 6496456   5244 6218824    0    0     0     0 13689 4643 30 39 30  0  0
 4  0      0 6496432   5244 6218824    0    0     0     0 2410 1760  3  5 93  0  0
 2  0      0 6495732   5244 6218824    0    0     0     8 3254 2127  5  8 67 20  0
 6  0      0 6507992   5244 6218824    0    0     0    72 14713 2407 35 49 16  0  0
 1  0      0 6508732   5244 6218824    0    0     0     0 13811 2864 41 46 13  0  0
 6  0      0 6522508   5244 6218824    0    0     0     0 17406 2625 39 42 19  0  0
 0  0      0 6534156   5244 6218824    0    0     0     0 13381 2463 40 38 22  0  0
 0  0      0 6534272   5244 6218824    0    0     0     0 2076 2532  2  1 97  0  0
 0  0      0 6533884   5244 6218824    0    0     0     0 2116 2453  1  2 97  0  0
 0  0      0 6533616   5244 6218824    0    0     0     0 2639 3198  3  4 94  0  0
 0  0      0 6533464   5244 6218840    0    0     0     0 2097 2448  2  2 97  0  0
 0  0      0 6533484   5244 6218840    0    0     0     0 2368 2822  2  2 96  0  0
procs -----------memory---------- ---swap-- -----io---- -system-- ------cpu-----
 r  b   swpd   free   buff  cache   si   so    bi    bo   in   cs us sy id wa st
 0  0      0 6534180   5244 6218856    0    0     0     0 2250 2602  2  1 96  0  0
 0  0      0 6533812   5244 6218872    0    0     0     0 2176 2686  2  3 95  0  0
 0  0      0 6533620   5244 6218888    0    0     0     0 2526 3181  2  2 95  0  0
 6  0      0 6521064   5244 6218888    0    0     0     0 4891 2752 12 12 76  0  0
 5  0      0 6513448   5244 6218920    0    0     0     0 23165 2113 34 44 22  0  0
 1  0      0 6456372   5244 6218920    0    0     0     0 19365 3225 40 41 19  0  0
 3  0      0 6423076   5244 6218936    0    0     0     0 14303 3473 38 37 25  0  0
 4  0      0 6444736   5244 6218952    0    0     0     0 13721 4775 38 37 24  0  0
 5  0      0 6441644   5244 6218952    0    0     0     0 10843 2726 39 43 18  0  0
 5  0      0 6462512   5244 6218952    0    0     0     0 14331 3749 32 32 36  0  0
 2  0      0 6462676   5244 6218968    0    0     0     4 8829 3170 22 25 53  0  0
10  0      0 6461160   5244 6218968    0    0     0     0 13375 2114 32 39 28  0  0
 7  0      0 6477648   5244 6218968    0    0     0     0 17437 3262 39 39 22  0  0
 5  0      0 6493772   5244 6218968    0    0     0     0 14803 2551 43 40 17  0  0
 5  0      0 6466600   5244 6218968    0    0     0     0 12936 2371 38 38 23  0  0
 6  0      0 6440548   5244 6218968    0    0     0     0 11594 3726 31 31 38  0  0
 6  0      0 6408236   5244 6218968    0    0     0     0 16687 3782 35 37 28  0  0
 6  0      0 6372432   5244 6218968    0    0     0     7 15801 4334 38 38 24  0  0
 5  0      0 6397384   5244 6218968    0    0     0     0 14878 2966 43 42 16  0  0
 4  0      0 6393584   5244 6218968    0    0     0     0 14605 3868 42 40 18  0  0
 3  0      0 6418792   5244 6218968    0    0     0     0 13036 2268 42 40 18  0  0
procs -----------memory---------- ---swap-- -----io---- -system-- ------cpu-----
 r  b   swpd   free   buff  cache   si   so    bi    bo   in   cs us sy id wa st
 0  0      0 6415532   5244 6218968    0    0     0     8 9420 3367 24 24 52  0  0
 9  0      0 6437400   5244 6218968    0    0     0    30 12888 3279 28 31 42  0  0
 6  0      0 6434712   5244 6218972    0    0     0     0 18950 3245 37 41 23  0  0
 0  0      0 6456340   5244 6218972    0    0     0     0 11857 4002 33 31 36  0  0
 0  0      0 6455292   5244 6218972    0    0     0     0 12226 3794 25 30 45  0  0
 0  0      0 6451880   5244 6218972    0    0     0     0 12560 4025 25 26 48  0  0
 0  0      0 6473516   5244 6218972    0    0     0     0 12775 4258 26 27 47  0  0
 7  0      0 6471276   5244 6218972    0    0     0     0 16448 3769 36 37 27  0  0
 9  0      0 6489164   5244 6218972    0    0     0     0 14203 3237 33 33 34  0  0
 1  0      0 6486176   5244 6218972    0    0     0     0 14527 2639 36 39 25  0  0
 0  0      0 6503704   5244 6218972    0    0     0     0 14806 2578 39 36 24  0  0
 0  0      0 6503916   5244 6218972    0    0     0     0 1878 2707  1  2 97  0  0
 1  0      0 6503924   5244 6218972    0    0     0     0 1738 2568  1  2 97  0  0
 0  0      0 6503824   5244 6218972    0    0     0     0 1338 1967  2  1 98  0  0
 0  0      0 6503748   5244 6218972    0    0     0     0 1486 2297  1  2 97  0  0
 1  0      0 6503516   5244 6218972    0    0     0     0 1571 2167  1  2 97  0  0
 1  0      0 6503308   5244 6218972    0    0     0     0 2279 2884  3  4 94  0  0
 4  0      0 6503196   5244 6218972    0    0     0     0 1932 2237  3  3 95  0  0
 5  0      0 6476192   5244 6218972    0    0     0     0 12991 1333 34 42 24  0  0
 5  0      0 6453428   5244 6218972    0    0     0     0 18218 2694 42 43 15  0  0
 3  0      0 6449732   5244 6218972    0    0     0     8 16464 2130 44 43 13  0  0
procs -----------memory---------- ---swap-- -----io---- -system-- ------cpu-----
 r  b   swpd   free   buff  cache   si   so    bi    bo   in   cs us sy id wa st
 1  0      0 6445048   5244 6218972    0    0     0     0 14578 2830 42 42 15  0  0
 5  0      0 6463876   5244 6218972    0    0     0     0 12252 3100 40 35 25  0  0
 4  0      0 6483184   5244 6218972    0    0     0     0 13759 4134 33 30 38  0  0
 5  0      0 6480404   5244 6218972    0    0     0     0 16049 3687 37 38 25  0  0
 4  0      0 6495808   5244 6218972    0    0     0     0 17427 2354 43 40 16  0  0
 1  0      0 6468328   5244 6218972    0    0     0     0 13071 3412 38 35 27  0  0
11  0      0 6442292   5244 6218972    0    0     0     0 14636 2246 37 38 24  0  0
 0  0      0 6462936   5244 6218956    0    0     0     0 12365 3252 32 29 39  0  0
 1  0      0 6459040   5244 6218956    0    0     0     0 13548 3521 30 30 40  0  0
 4  0      0 6456608   5244 6218956    0    0     0     8 12912 4295 30 32 38  0  0
 5  0      0 6453356   5244 6218956    0    0     0    60 17067 3956 36 37 27  0  0
 5  0      0 6472556   5244 6218956    0    0     0     0 16419 3945 39 38 23  0  0
 5  0      0 6488988   5244 6218956    0    0     0     0 12776 3145 39 37 24  0  0
 5  0      0 6486216   5244 6218956    0    0     0    76 15338 3885 35 38 27  0  0
 6  0      0 6501172   5244 6218956    0    0     0     0 15652 3691 38 37 26  0  0
 2  0      0 6494516   5244 6218956    0    0     0     0 14706 3821 38 38 24  0  0
 1  0      0 6450340   5244 6218956    0    0     0     0 12964 4481 34 35 32  0  0
 7  0      0 6420392   5244 6218956    0    0     0     0 17165 3550 38 41 21  0  0
 8  0      0 6384168   5244 6218956    0    0     0     0 15315 2018 42 41 18  0  0
 5  0      0 6351684   5244 6218956    0    0     0     0 13777 3672 39 39 23  0  0
 3  0      0 6312884   5244 6218956    0    0     0     0 13755 2818 41 42 16  0  0
procs -----------memory---------- ---swap-- -----io---- -system-- ------cpu-----
 r  b   swpd   free   buff  cache   si   so    bi    bo   in   cs us sy id wa st
 1  0      0 6274240   5244 6218956    0    0     0     0 13691 2809 42 44 13  0  0
 5  0      0 6265264   5244 6218956    0    0     0     0 15041 3128 39 40 21  0  0
 3  0      0 6220656   5244 6218956    0    0     0     0 12905 3149 39 41 20  0  0
 5  0      0 6162644   5244 6218956    0    0     0     0 15279 2880 43 43 14  0  0
 0  0      0 6162556   5244 6218956    0    0     0     0 6976 3377 15 16 69  0  0
 0  0      0 6162380   5244 6218960    0    0     0     0 1481 2161  2  2 97  0  0
 0  0      0 6162084   5244 6218960    0    0     0     0 1632 2310  2  2 96  0  0
 0  0      0 6163912   5244 6218960    0    0     0     0 1604 2208  2  2 96  0  0
 0  0      0 6164792   5244 6218960    0    0     0     0 1776 2396  2  2 97  0  0
 0  0      0 6164672   5244 6218960    0    0     0     8 1807 2517  2  2 96  0  0
 6  0      0 6164836   5244 6218960    0    0     0     0 21930 4715 15 21 52 13  0
 3  0      0 6153692   5244 6218960    0    0     0     0 17815 3418 38 40 22  0  0
 5  0      0 6147404   5244 6218960    0    0     0     0 15977 3464 42 41 17  0  0
 4  0      0 6146740   5244 6218960    0    0     0     0 16501 4372 42 41 17  0  0
 4  0      0 6150788   5244 6218960    0    0     0     0 15337 3201 43 41 16  0  0
 5  0      0 6145448   5244 6218960    0    0     0     0 14672 3686 40 37 23  0  0
 7  0      0 6144836   5244 6218960    0    0     0     0 15682 3806 41 41 18  0  0
 2  0      0 6149192   5244 6218960    0    0     0     0 13115 3575 33 35 32  0  0
 5  0      0 6144520   5244 6218960    0    0     0    45 16536 4264 39 40 21  0  0
 2  0      0 6144456   5244 6218960    0    0     0     0 17022 3067 44 46 10  0  0
 2  0      0 6149764   5244 6218960    0    0     0     0 11917 4181 30 30 40  0  0
procs -----------memory---------- ---swap-- -----io---- -system-- ------cpu-----
 r  b   swpd   free   buff  cache   si   so    bi    bo   in   cs us sy id wa st
 6  0      0 6144776   5244 6218960    0    0     0     0 18743 2856 43 45 12  0  0
 5  0      0 6144796   5244 6218960    0    0     0     0 16115 2400 43 46 11  0  0
 8  0      0 6148708   5244 6218960    0    0     0     0 14815 3690 39 38 23  0  0
 5  0      0 6143136   5244 6218976    0    0     0     0 15644 3482 42 43 16  0  0
15  0      0 6143192   5244 6218976    0    0     0     0 13639 3343 32 34 34  0  0
 4  0      0 6142848   5244 6218976    0    0     0     0 6033 2367 12 13 75  0  0
 6  0      0 6160944   5244 6218976    0    0     0     0 15962 3479 33 36 31  0  0
 1  0      0 6160256   5244 6218976    0    0     0     0 13795 3924 25 29 46  0  0
 7  0      0 6161032   5244 6218976    0    0     0     0 12347 3450 26 28 46  0  0
 4  0      0 6161620   5244 6218976    0    0     0     0 19016 2940 41 44 16  0  0
 4  0      0 6201476   5244 6218976    0    0     0     0 13198 3078 33 33 34  0  0
 1  0      0 6200808   5244 6218976    0    0     0     0 15386 3287 38 38 23  0  0
 7  0      0 6199324   5244 6218976    0    0     0     0 16520 3209 43 45 11  0  0
 7  0      0 6194196   5244 6218976    0    0     0     0 15675 2190 43 41 16  0  0
 1  0      0 6144508   5244 6218976    0    0     0     0 11851 3342 31 31 39  0  0
 0  0      0 6145360   5244 6218976    0    0     0     0 11698 4666 25 27 48  0  0
13  0      0 6144732   5244 6218976    0    0     0     0 14483 3748 30 33 37  0  0
 1  0      0 6150428   5244 6218976    0    0     0     0 11866 3744 26 25 49  0  0
 0  0      0 6150120   5244 6218976    0    0     0     0 1381 2092  1  1 98  0  0
 0  0      0 6149996   5244 6218976    0    0     0     0 1280 1959  1  1 98  0  0
 0  0      0 6149588   5244 6218976    0    0     0     0 1293 1950  1  1 98  0  0
procs -----------memory---------- ---swap-- -----io---- -system-- ------cpu-----
 r  b   swpd   free   buff  cache   si   so    bi    bo   in   cs us sy id wa st
 1  0      0 6147992   5244 6218976    0    0     0     0 1686 2403  2  2 96  0  0
 0  0      0 6148420   5244 6218976    0    0     0     4 1667 2424  1  2 97  0  0
 0  0      0 6146924   5244 6218976    0    0     0     0 24645 5042 17 25 46 12  0
 0  0      0 6146848   5244 6218976    0    0     0     0 6803 2504 12 14 74  0  0
10  0      0 6149480   5244 6218976    0    0     0     0 16681 2980 34 40 26  0  0
 6  0      0 6193268   5244 6218976    0    0     0    54 19735 2578 43 45 12  0  0
 8  0      0 6193556   5244 6218976    0    0     0     0 16313 2340 42 44 14  0  0
 6  0      0 6197588   5244 6218976    0    0     0     0 15871 3326 42 42 17  0  0
 6  0      0 6231412   5244 6218980    0    0     0     0 14548 2811 42 43 15  0  0
 6  0      0 6234376   5244 6218884    0    0     0     0 10953 3822 24 27 49  0  0
 5  0      0 6234440   5244 6218836    0    0     0     0 20402 3928 42 43 14  0  0
 6  0      0 6269188   5244 6218820    0    0     0     0 15590 4761 39 38 23  0  0
 0  0      0 6269812   5244 6218820    0    0     0     0 11273 4791 25 25 51  0  0
 1  0      0 6269068   5244 6218820    0    0     0     0 3842 2212  7  9 84  0  0
 0  0      0 6270404   5244 6218820    0    0     0     0 15032 3745 21 27 52  0  0
 0  0      0 6270744   5244 6218820    0    0     0     0 7401 3204 14 17 69  0  0
 0  0      0 6270748   5244 6218820    0    0     0     0 1630 2298  1  1 98  0  0
 0  0      0 6270748   5244 6218820    0    0     0     0 1780 2215  2  1 97  0  0
 0  0      0 6271204   5244 6218820    0    0     0     0 1660 2432  1  1 98  0  0
 1  0      0 6270712   5244 6218820    0    0     0     0 2022 2961  3  2 95  0  0
 0  0      0 6270520   5244 6218820    0    0     0     0 1569 2247  2  2 97  0  0
procs -----------memory---------- ---swap-- -----io---- -system-- ------cpu-----
 r  b   swpd   free   buff  cache   si   so    bi    bo   in   cs us sy id wa st
 0  0      0 6270464   5244 6218820    0    0     0     0 1440 2100  1  1 98  0  0
 0  0      0 6270380   5244 6218820    0    0     0     0 1732 2580  1  1 98  0  0
 0  0      0 6271724   5244 6218820    0    0     0     0 1574 2167  2  1 97  0  0
 0  0      0 6272516   5244 6218820    0    0     0     0 1993 2816  2  2 96  0  0
 0  0      0 6273044   5244 6218820    0    0     0     0 1496 2148  1  1 98  0  0
