procs -----------memory---------- ---swap-- -----io---- -system-- ------cpu-----
 r  b   swpd   free   buff  cache   si   so    bi    bo   in   cs us sy id wa st
 0  0      0 6306272   5244 6488020    0    0     0     5    5   11  1  1 98  0  0
 0  0      0 6306584   5244 6488024    0    0     0     0 1543 2219  2  1 97  0  0
 1  0      0 6308240   5244 6488024    0    0     0     0 1859 2649  1  2 97  0  0
11  0      0 6298988   5244 6489884    0    0     0     0 41896 26375 26 63 11  0  0
 9  0      0 6287132   5244 6492876    0    0     0     0 37528 17086 27 66  7  0  0
12  0      0 6285436   5244 6496860    0    0     0     0 24203 31885 31 63  6  0  0
13  0      0 6280636   5244 6500868    0    0     0     0 22701 31353 32 63  5  0  0
 9  0      0 6271616   5244 6506072    0    0     0     0 24237 32198 34 61  5  0  0
13  0      0 6265548   5244 6510628    0    0     0     0 26453 31293 33 60  8  0  0
11  0      0 6257836   5244 6515084    0    0     0     0 23447 25714 33 62  5  0  0
13  0      0 6249220   5244 6518568    0    0     0     0 19850 20729 35 60  5  0  0
12  0      0 6245476   5244 6522948    0    0     0     0 26837 32611 34 62  4  0  0
12  0      0 6239280   5244 6527808    0    0     0     0 24428 20715 34 61  5  0  0
11  0      0 6228600   5244 6532580    0    0     0     0 21122 17764 35 61  4  0  0
10  0      0 6225272   5244 6536980    0    0     0     0 22490 27278 37 59  4  0  0
14  0      0 6219796   5244 6541472    0    0     0     0 25739 26792 36 59  4  0  0
 3  0      0 6210456   5244 6546728    0    0     0     0 22868 18712 35 60  5  0  0
10  0      0 6205156   5244 6550976    0    0     0     0 22909 29110 35 62  3  0  0
 3  0      0 6201800   5244 6555372    0    0     0     0 25572 45992 37 61  2  0  0
10  0      0 6189892   5244 6559780    0    0     0     0 22936 18972 36 60  4  0  0
12  0      0 6183068   5244 6563920    0    0     0     0 22999 13327 34 61  5  0  0
procs -----------memory---------- ---swap-- -----io---- -system-- ------cpu-----
 r  b   swpd   free   buff  cache   si   so    bi    bo   in   cs us sy id wa st
14  0      0 6176512   5244 6568636    0    0     0     0 20118 14253 36 61  3  0  0
10  0      0 6169632   5244 6573464    0    0     0     8 21750 17612 36 62  3  0  0
11  0      0 6158716   5244 6577644    0    0     0     0 23436 16910 35 60  5  0  0
12  0      0 6156892   5244 6582312    0    0     0     0 23718 26301 35 61  4  0  0
11  0      0 6152752   5244 6586432    0    0     0     4 25671 37768 36 60  4  0  0
11  0      0 6149940   5244 6590552    0    0     0     0 25875 33117 34 61  5  0  0
 8  0      0 6146436   5244 6594672    0    0     0     0 25586 45985 36 61  3  0  0
 9  0      0 6135896   5244 6599172    0    0     0     0 24537 27258 37 61  3  0  0
12  0      0 6130484   5244 6603860    0    0     0     0 21104 7287 36 61  2  0  0
 7  0      0 6127280   5244 6608932    0    0     0     0 20346 12469 36 62  3  0  0
10  0      0 6124076   5244 6613312    0    0     0     0 20450 17155 35 60  5  0  0
11  0      0 6122412   5244 6618272    0    0     0     4 23551 31439 36 61  3  0  0
 7  0      0 6117260   5244 6622980    0    0     0     0 20073 9415 37 61  3  0  0
11  0      0 6116840   5244 6627668    0    0     0     0 20729 12014 36 61  3  0  0
 7  0      0 6113932   5244 6632188    0    0     0     0 23084 26038 36 61  4  0  0
11  0      0 6104176   5244 6636872    0    0     0     0 24623 40233 38 59  3  0  0
14  1      0 6097048   5244 6641256    0    0     0 22528 24392 25864 35 61  3  0  0
 8  1      0 6095420   5244 6644768    0    0     0 133420 25886 23346 34 60  2  4  0
 8  0      0 6089700   5244 6650052    0    0     0     0 21694 15617 37 60  3  0  0
 9  0      0 6083272   5244 6655032    0    0     0     0 19103 10801 35 62  3  0  0
10  0      0 6080700   5244 6659244    0    0     0     0 22421 26623 35 62  4  0  0
procs -----------memory---------- ---swap-- -----io---- -system-- ------cpu-----
 r  b   swpd   free   buff  cache   si   so    bi    bo   in   cs us sy id wa st
11  0      0 6075044   5244 6663676    0    0     0     0 23329 25780 35 61  4  0  0
 9  0      0 6071292   5244 6668056    0    0     0     0 23402 26863 36 60  4  0  0
 7  0      0 6065828   5244 6672864    0    0     0     0 22388 13444 37 62  2  0  0
13  0      0 6058960   5244 6677528    0    0     0     0 20143 8982 36 61  3  0  0
 9  0      0 6055060   5244 6682544    0    0     0     0 19134 6776 38 61  2  0  0
17  0      0 6054436   5244 6687060    0    0     0     0 21941 19523 36 60  4  0  0
 8  0      0 6047156   5244 6691888    0    0     0     0 21738 14422 36 61  3  0  0
 6  0      0 6043352   5244 6696024    0    0     0     0 21437 15767 36 62  2  0  0
12  0      0 6034084   5244 6700800    0    0     0     0 22749 13444 35 62  2  0  0
11  0      0 6031984   5244 6705604    0    0     0     0 20539 11674 36 61  3  0  0
11  0      0 6026264   5244 6710032    0    0     0     0 18655 6758 35 63  2  0  0
11  0      0 6021476   5244 6714880    0    0     0     0 19845 13860 37 61  2  0  0
14  0      0 6016888   5244 6719916    0    0     0     8 20530 23232 36 61  3  0  0
13  0      0 6011676   5244 6724452    0    0     0    33 20246 9027 37 61  3  0  0
16  0      0 6009532   5244 6729248    0    0     0     0 22655 29640 37 59  4  0  0
 7  0      0 6001540   5244 6733628    0    0     0     0 23755 33337 34 63  3  0  0
 6  0      0 5998984   5244 6738056    0    0     0     0 24938 33759 37 60  3  0  0
10  0      0 5993648   5244 6742656    0    0     0     0 20403 7298 35 63  2  0  0
10  0      0 5990684   5244 6747212    0    0     0     0 21511 29333 37 60  3  0  0
19  0      0 5986640   5244 6752060    0    0     0     0 19090 6329 38 61  2  0  0
 6  0      0 5982688   5244 6756680    0    0     0     0 21229 28809 36 59  5  0  0
procs -----------memory---------- ---swap-- -----io---- -system-- ------cpu-----
 r  b   swpd   free   buff  cache   si   so    bi    bo   in   cs us sy id wa st
10  0      0 5980604   5244 6760980    0    0     0     0 22776 27635 34 61  5  0  0
12  0      0 5973040   5244 6765268    0    0     0     8 23847 26997 37 60  4  0  0
 9  0      0 5964380   5244 6769904    0    0     0     0 22840 21227 36 61  3  0  0
14  0      0 5961484   5244 6774724    0    0     0     0 20055 14682 36 62  3  0  0
 8  0      0 5957524   5244 6779296    0    0     0     0 23651 36002 34 62  4  0  0
 8  0      0 5953748   5244 6783920    0    0     0     0 24275 25429 35 62  3  0  0
15  0      0 5950552   5244 6787900    0    0     0 110592 26796 35412 33 61  3  3  0
12  0      0 5946348   5244 6792544    0    0     0 33768 19669 8927 33 58  7  2  0
12  0      0 5940360   5244 6797388    0    0     0     0 23561 29566 37 62  2  0  0
12  0      0 5936628   5244 6802248    0    0     0     0 21092 19371 36 61  3  0  0
20  0      0 5930816   5244 6807080    0    0     0     0 17929 5050 36 62  2  0  0
 9  0      0 5926656   5244 6811440    0    0     0     0 22194 21999 34 60  6  0  0
 7  0      0 5921064   5244 6815544    0    0     0     0 24803 29535 36 59  5  0  0
17  0      0 5908556   5244 6820332    0    0     0     0 22132 17018 35 63  2  0  0
 7  0      0 5904112   5244 6825224    0    0     0     0 19746 4534 35 63  2  0  0
16  0      0 5900424   5244 6829560    0    0     0     0 22142 24624 36 62  2  0  0
 8  0      0 5897580   5244 6834124    0    0     0     0 21103 18724 35 61  4  0  0
11  0      0 5894988   5244 6838780    0    0     0     0 20730 17491 37 60  3  0  0
 8  0      0 5885940   5244 6843084    0    0     0     0 21481 14722 36 60  4  0  0
15  0      0 5882300   5244 6847728    0    0     0     0 19621 10034 35 64  2  0  0
16  0      0 5878832   5244 6852480    0    0     0     0 18663 13128 36 62  2  0  0
procs -----------memory---------- ---swap-- -----io---- -system-- ------cpu-----
 r  b   swpd   free   buff  cache   si   so    bi    bo   in   cs us sy id wa st
14  0      0 5873936   5244 6857020    0    0     0     0 23525 35420 35 59  5  0  0
 4  0      0 5871712   5244 6861148    0    0     0    39 23629 26571 37 61  3  0  0
 7  0      0 5866544   5244 6865716    0    0     0     0 20094 5636 36 63  1  0  0
 2  0      0 5864108   5244 6870268    0    0     0     0 22363 15389 36 60  4  0  0
17  0      0 5858740   5244 6874780    0    0     0     0 22591 27853 36 60  4  0  0
12  0      0 5854744   5244 6879140    0    0     0     0 22734 24046 35 63  3  0  0
16  0      0 5847568   5244 6883952    0    0     0     0 20703 9508 36 62  1  0  0
12  0      0 5844572   5244 6888684    0    0     0     0 22115 19856 37 60  3  0  0
10  0      0 5844372   5244 6893236    0    0     0     0 22296 32498 37 59  4  0  0
15  0      0 5834816   5244 6897712    0    0     0     0 21154 16734 35 61  4  0  0
 8  0      0 5833792   5244 6902600    0    0     0     0 24528 39821 37 61  3  0  0
11  0      0 5827192   5244 6906552    0    0     0     8 24585 20998 35 60  5  0  0
10  0      0 5821412   5244 6911476    0    0     0     0 20450 11901 36 62  2  0  0
10  0      0 5820032   5244 6915812    0    0     0     0 18137 13188 35 61  3  0  0
 7  0      0 5817576   5244 6919972    0    0     0     0 23428 35522 36 59  4  0  0
12  0      0 5813024   5244 6923856    0    0     0     0 19145 12569 33 64  3  0  0
15  1      0 5805072   5244 6927932    0    0     0  6148 23591 27248 35 62  4  0  0
 9  1      0 5801064   5244 6931592    0    0     0 135680 21326 16990 33 62  3  1  0
11  0      0 5798644   5244 6936040    0    0     0     0 22708 20980 34 61  5  0  0
11  0      0 5793268   5244 6940876    0    0     0     0 21592 11443 37 61  2  0  0
11  0      0 5790312   5244 6945632    0    0     0     0 19049 8065 36 60  4  0  0
procs -----------memory---------- ---swap-- -----io---- -system-- ------cpu-----
 r  b   swpd   free   buff  cache   si   so    bi    bo   in   cs us sy id wa st
10  0      0 5783384   5244 6950712    0    0     0     0 19732 6607 35 63  2  0  0
12  0      0 5780496   5244 6955268    0    0     0     0 22779 28380 37 60  3  0  0
11  0      0 5777708   5244 6959960    0    0     0     0 20619 14115 35 62  3  0  0
11  0      0 5764892   5244 6964380    0    0     0     0 21907 17354 36 62  2  0  0
 8  0      0 5761276   5244 6968972    0    0     0     0 20636 8086 35 63  3  0  0
 9  0      0 5758532   5244 6973688    0    0     0     0 22105 20944 35 61  4  0  0
 7  0      0 5755240   5244 6978248    0    0     0     0 20212 15361 36 61  3  0  0
15  0      0 5751548   5244 6983072    0    0     0     0 21985 24414 36 61  3  0  0
14  0      0 5746676   5244 6987356    0    0     0     0 23037 26044 37 60  3  0  0
14  0      0 5742120   5244 6992572    0    0     0     0 21520 14230 35 62  3  0  0
 8  0      0 5736472   5244 6997184    0    0     0     4 20304 15508 37 60  3  0  0
10  0      0 5734188   5244 7001908    0    0     0     0 21493 27635 37 61  2  0  0
 8  2      0 5732124   5244 7006268    0    0     0     8 21948 14806 36 61  1  3  0
12  2      0 5718300   5244 7010656    0    0     0     0 23830 31384 35 62  2  1  0
 9  0      0 5715076   5244 7015420    0    0     0     0 24813 33107 36 61  3  0  0
 7  0      0 5708728   5244 7019964    0    0     0     0 19192 10549 36 61  3  0  0
13  0      0 5708440   5244 7024336    0    0     0     0 22348 22074 36 60  4  0  0
 6  0      0 5705536   5244 7029068    0    0     0     0 24452 31462 36 59  5  0  0
 9  0      0 5697480   5244 7033684    0    0     0     0 19818 6312 36 62  2  0  0
 9  0      0 5695600   5244 7038428    0    0     0     0 21338 23252 36 60  4  0  0
10  0      0 5692492   5244 7042972    0    0     0     0 23433 24648 36 60  5  0  0
procs -----------memory---------- ---swap-- -----io---- -system-- ------cpu-----
 r  b   swpd   free   buff  cache   si   so    bi    bo   in   cs us sy id wa st
15  0      0 5690264   5244 7047900    0    0     0     0 21994 15619 36 61  3  0  0
11  0      0 5685616   5244 7052668    0    0     0     4 22640 26735 35 61  4  0  0
 7  0      0 5685212   5244 7057564    0    0     0     9 19997 9949 36 60  4  0  0
13  0      0 5677832   5244 7062680    0    0     0     0 20976 18468 37 59  3  0  0
 7  0      0 5675208   5244 7066988    0    0     0     0 23033 34932 36 59  5  0  0
13  0      0 5670656   5244 7071772    0    0     0     0 23379 16487 37 60  4  0  0
 8  1      0 5667860   5244 7076440    0    0     0 73728 23761 34064 35 60  3  2  0
14  0      0 5667360   5244 7079384    0    0     0 72944 25374 30954 34 58  3  5  0
15  0      0 5660104   5244 7085252    0    0     0     0 25241 24739 37 60  3  0  0
12  0      0 5659344   5244 7089868    0    0     0     0 24499 24736 37 59  4  0  0
10  0      0 5657840   5244 7094068    0    0     0     0 24595 26805 36 59  5  0  0
17  0      0 5652556   5244 7098496    0    0     0     0 24712 24195 36 59  5  0  0
11  0      0 5646748   5244 7102988    0    0     0     0 24443 20899 37 59  4  0  0
11  0      0 5639700   5244 7106544    0    0     0     0 23968 18586 33 62  5  0  0
 7  0      0 5637644   5244 7109644    0    0     0     0 25676 24555 29 64  7  0  0
 6  0      0 5636440   5244 7111932    0    0     0     0 25683 29719 24 62 14  0  0
 4  0      0 5642300   5244 7112200    0    0     0     0 14286 21909  7 13 79  0  0
 0  0      0 5645396   5244 7112400    0    0     0     0 3328 4872  2  3 95  0  0
 0  0      0 5648472   5244 7112400    0    0     0     0 3544 5336  1  2 96  0  0
 0  0      0 5651500   5244 7112400    0    0     0    21 3587 5367  2  3 95  0  0
 0  0      0 5652576   5244 7112384    0    0     0     0 1968 2846  1  1 98  0  0
procs -----------memory---------- ---swap-- -----io---- -system-- ------cpu-----
 r  b   swpd   free   buff  cache   si   so    bi    bo   in   cs us sy id wa st
 0  0      0 5655460   5244 7112384    0    0     0     0 3779 5432  2  3 95  0  0
 0  2      0 5657404   5244 7112384    0    0     0    12 3245 4807  2  3 94  1  0
 0  0      0 5657380   5244 7112384    0    0     0     0 1544 2282  1  1 64 34  0
 0  0      0 5657456   5244 7112384    0    0     0     0 2138 3077  2  2 96  0  0
 1  0      0 5659312   5244 7112384    0    0     0     0 1916 2730  2  2 96  0  0
 0  0      0 5659564   5244 7112384    0    0     0     0 1594 2336  2  1 97  0  0
 0  0      0 5660456   5244 7112384    0    0     0     0 2141 3103  2  2 96  0  0
 0  0      0 5660064   5244 7112384    0    0     0     0 1492 2135  1  1 98  0  0
