procs -----------memory---------- ---swap-- -----io---- -system-- ------cpu-----
 r  b   swpd   free   buff  cache   si   so    bi    bo   in   cs us sy id wa st
 0  2      0 6272136   5244 6218800    0    0     0     5    8    5  1  1 99  0  0
 0  2      0 6271856   5244 6218804    0    0     0     6 1347 2058  1  1 49 49  0
 0  0      0 6271404   5244 6218804    0    0     0     0 1486 2032  1  1 70 28  0
 3  2      0 6271684   5244 6218804    0    0     0    16 2143 2658  2  2 93  4  0
 4  0      0 6271756   5244 6218804    0    0     0     0 17294 5910  6 17 63 14  0
 1  0      0 6271444   5244 6218804    0    0     0     0 15878 4868  6 24 71  0  0
 1  0      0 6270296   5244 6218804    0    0     0     0 15495 3556  8 27 66  0  0
10  0      0 6268876   5244 6218804    0    0     0     0 15322 3711  7 30 62  0  0
 4  0      0 6269232   5244 6218804    0    0     0    24 13632 3214  7 35 58  0  0
 2  0      0 6268764   5244 6218804    0    0     0     0 14330 3357  7 31 62  0  0
 2  0      0 6269348   5244 6218804    0    0     0     0 13546 3108  7 31 62  0  0
 2  0      0 6270376   5244 6218852    0    0     0     0 11705 2784  6 27 67  0  0
 1  0      0 6270652   5244 6218868    0    0     0     0 11860 2456  8 32 60  0  0
 1  0      0 6269272   5244 6218884    0    0     0    24 12253 3431  8 28 65  0  0
 1  0      0 6271120   5244 6218900    0    0     0     0 12001 2492  7 30 63  0  0
 1  0      0 6268916   5244 6218932    0    0     0     0 12648 2850  7 31 62  0  0
 0  0      0 6271340   5244 6218932    0    0     0     0 9356 2977  6 25 70  0  0
 1  0      0 6272728   5244 6218964    0    0     0     0 13370 2881  8 30 62  0  0
 1  0      0 6271384   5244 6218980    0    0     0    16 11129 2927  8 28 64  0  0
 2  0      0 6273084   5244 6218980    0    0     0     0 11159 2350  8 28 63  0  0
 2  0      0 6270960   5244 6218980    0    0     0     0 12826 2460  7 28 66  0  0
procs -----------memory---------- ---swap-- -----io---- -system-- ------cpu-----
 r  b   swpd   free   buff  cache   si   so    bi    bo   in   cs us sy id wa st
 1  0      0 6270340   5244 6218980    0    0     0     0 11286 2545  6 27 67  0  0
 3  0      0 6271364   5244 6218980    0    0     0     0 13474 2494  8 32 61  0  0
 2  0      0 6269972   5244 6218980    0    0     0    24 11587 2724  7 27 65  0  0
 1  0      0 6269596   5244 6218980    0    0     0     0 13347 2014  7 35 58  0  0
 2  0      0 6270240   5244 6218980    0    0     0     0 10789 2489  8 29 63  0  0
 2  0      0 6269588   5244 6218980    0    0     0     0 7051 2125  5 20 76  0  0
 1  0      0 6269620   5244 6218980    0    0     0     0 11400 2094  7 34 59  0  0
 1  0      0 6269896   5244 6218980    0    0     0     0 13025 2573  7 27 66  0  0
 1  0      0 6268828   5244 6218980    0    0     0    16 12111 2493  8 28 65  0  0
 7  0      0 6268940   5244 6218980    0    0     0     0 11818 1542  7 29 65  0  0
 1  0      0 6271288   5244 6218980    0    0     0    77 10774 2077  7 27 67  0  0
 0  0      0 6270368   5244 6218980    0    0     0     0 5376 1770  4 11 86  0  0
 0  0      0 6270536   5244 6218980    0    0     0     0 2009 2645  3  3 95  0  0
 0  2      0 6270336   5244 6218980    0    0     0    16 1304 1942  1  1 56 42  0
 0  0      0 6270024   5244 6218980    0    0     0     0 2556 3966  1  1 73 24  0
 0  0      0 6269640   5244 6218980    0    0     0     0 1386 2063  1  1 98  0  0
 0  0      0 6269632   5244 6218980    0    0     0     0 1381 2195  1  1 98  0  0
 1  0      0 6270180   5244 6218980    0    0     0    16 9261 2708  3 13 83  0  0
 2  0      0 6270000   5244 6218980    0    0     0     0 17806 2109  7 32 61  0  0
 0  0      0 6268704   5244 6218980    0    0     0     0 9532 2665  4 19 77  0  0
 2  0      0 6270364   5244 6218980    0    0     0     0 11965 2781  7 28 66  0  0
procs -----------memory---------- ---swap-- -----io---- -system-- ------cpu-----
 r  b   swpd   free   buff  cache   si   so    bi    bo   in   cs us sy id wa st
 1  0      0 6270664   5244 6218980    0    0     0     0 13730 2334  7 29 64  0  0
 1  0      0 6269536   5244 6218980    0    0     0    24 14358 2528  8 31 60  0  0
 6  0      0 6270788   5244 6218984    0    0     0     0 11214 1271  7 28 66  0  0
 1  0      0 6270444   5244 6218984    0    0     0     0 12897 2273  8 32 60  0  0
 1  0      0 6272644   5244 6218984    0    0     0     0 10333 2463  7 28 65  0  0
 1  0      0 6272296   5244 6218984    0    0     0     0 13105 1714  7 32 61  0  0
 1  0      0 6272492   5244 6218984    0    0     0    20 11657 2942  8 30 63  0  0
 2  0      0 6272244   5244 6218984    0    0     0     0 10980 2076  7 28 65  0  0
 1  0      0 6271408   5244 6218984    0    0     0     0 10991 2264  7 29 64  0  0
 2  0      0 6271800   5244 6218984    0    0     0     0 13540 1726  7 30 63  0  0
 2  0      0 6270404   5244 6218984    0    0     0     0 11173 2321  7 27 65  0  0
 2  0      0 6270096   5244 6218984    0    0     0     0 12001 2565  8 36 56  0  0
 2  0      0 6270976   5244 6218984    0    0     0    16 11707 2158  8 28 64  0  0
 1  0      0 6269428   5244 6218984    0    0     0     0 8611 1881  6 22 72  0  0
 1  0      0 6268352   5244 6218984    0    0     0     0 11627 2546  7 27 66  0  0
 6  0      0 6270304   5244 6218984    0    0     0     0 12793 2169  7 35 58  0  0
 1  0      0 6268376   5244 6218984    0    0     0     0 13266 3361  7 27 66  0  0
 1  0      0 6271704   5244 6218984    0    0     0    24 12018 2122  7 32 61  0  0
 0  0      0 6269964   5244 6218984    0    0     0     3 10202 2591  6 24 70  0  0
 2  0      0 6269888   5244 6218984    0    0     0     0 11828 2134  7 28 64  0  0
 4  0      0 6271316   5244 6218984    0    0     0     0 12584 1993  7 35 58  0  0
procs -----------memory---------- ---swap-- -----io---- -system-- ------cpu-----
 r  b   swpd   free   buff  cache   si   so    bi    bo   in   cs us sy id wa st
 3  0      0 6269696   5244 6218984    0    0     0     0 11987 2634  9 33 58  0  0
 3  0      0 6270496   5244 6218984    0    0     0    16 12260 2209  7 31 62  0  0
 2  0      0 6269896   5244 6218984    0    0     0     0 9193 2250  6 22 73  0  0
 1  0      0 6269204   5244 6218984    0    0     0     0 13567 2174  7 27 66  0  0
11  0      0 6269156   5244 6218984    0    0     0     0 1736 1918  1  2 97  0  0
 0  0      0 6269248   5244 6218984    0    0     0     0 1107 1448  1  1 98  0  0
 0  2      0 6269168   5244 6218984    0    0     0    16 1127 1635  1  1 71 26  0
 0  0      0 6269308   5244 6218984    0    0     0     0 2757 4110  1  1 83 14  0
 0  0      0 6269280   5244 6218984    0    0     0     0 1451 2131  1  1 98  0  0
 0  0      0 6269280   5244 6218984    0    0     0     0 2025 2907  2  3 95  0  0
 3  0      0 6269188   5244 6218984    0    0     0     0 12860 2549  7 37 55  0  0
 2  0      0 6269676   5244 6218984    0    0     0    24 9591 2385  6 29 65  0  0
 0  0      0 6270824   5244 6218984    0    0     0     0 12391 2278  6 25 68  0  0
 3  0      0 6272012   5244 6218984    0    0     0     0 13142 1751  7 30 63  0  0
 0  0      0 6271284   5244 6218984    0    0     0     0 11790 2655  9 31 60  0  0
 1  0      0 6272988   5244 6218984    0    0     0     0 11629 2011  8 31 61  0  0
 0  0      0 6272496   5244 6218984    0    0     0     0 10543 2255  7 29 64  0  0
 1  0      0 6271748   5244 6218984    0    0     0     0 9889 2237  5 25 70  0  0
 1  0      0 6272088   5244 6218984    0    0     0     0 13274 2084  8 31 61  0  0
 0  0      0 6271604   5244 6218984    0    0     0     9 3570 2642  2  6 92  0  0
 0  0      0 6271328   5244 6218984    0    0     0     0 4784 2223  2 11 86  0  0
procs -----------memory---------- ---swap-- -----io---- -system-- ------cpu-----
 r  b   swpd   free   buff  cache   si   so    bi    bo   in   cs us sy id wa st
 0  0      0 6270828   5244 6218984    0    0     0     0 3386 2032  2  7 91  0  0
 0  0      0 6270380   5244 6218984    0    0     0     0 1392 1966  1  1 98  0  0
 0  0      0 6269680   5244 6218984    0    0     0     0 1579 2188  2  2 96  0  0
 0  0      0 6269648   5244 6218984    0    0     0     0 3849 2893  3  8 89  0  0
 0  0      0 6269780   5244 6218984    0    0     0     0 2356 2173  2  4 95  0  0
 0  0      0 6270380   5244 6218988    0    0     0     0 9266 2560  5 25 70  0  0
 1  0      0 6269616   5244 6218988    0    0     0    37 11376 2294  5 26 69  0  0
 0  0      0 6269288   5244 6218988    0    0     0     0 9956 2431  5 21 75  0  0
 3  0      0 6270116   5244 6218988    0    0     0     0 11177 2972  8 32 60  0  0
 1  0      0 6269348   5244 6218988    0    0     0     0 10774 2467  6 27 67  0  0
 1  0      0 6268836   5244 6218988    0    0     0     0 9871 2781  6 23 71  0  0
 1  0      0 6269388   5244 6218988    0    0     0     0 9958 2265  7 26 68  0  0
 8  0      0 6268752   5244 6218988    0    0     0     0 9352 2509  5 23 72  0  0
 2  0      0 6268296   5244 6218988    0    0     0     0 2558 1708  1  5 94  0  0
 1  0      0 6268964   5244 6218988    0    0     0     0 9099 2042  5 23 72  0  0
 0  0      0 6268932   5244 6218988    0    0     0     0 15151 2135  6 33 61  0  0
 0  0      0 6269128   5244 6218988    0    0     0     0 1649 2251  1  1 98  0  0
 0  0      0 6269072   5244 6218988    0    0     0     0 1474 2166  1  2 97  0  0
 0  0      0 6269044   5244 6218988    0    0     0     0 1966 2884  3  2 95  0  0
 0  0      0 6269040   5244 6218988    0    0     0     0 1416 2075  1  2 98  0  0
 0  2      0 6268796   5244 6218988    0    0     0    20 1760 2096  2  3 88  7  0
procs -----------memory---------- ---swap-- -----io---- -system-- ------cpu-----
 r  b   swpd   free   buff  cache   si   so    bi    bo   in   cs us sy id wa st
 0  2      0 6271072   5244 6218988    0    0     0     0 1608 2281  2  2 49 48  0
 0  2      0 6271068   5244 6218988    0    0     0     0 1495 2162  1  2 49 48  0
 1  0      0 6271700   5244 6218988    0    0     0     0 16470 3219  8 40 52  1  0
 0  0      0 6273156   5244 6218988    0    0     0     0 14502 2072  7 31 62  0  0
 0  0      0 6272648   5244 6218988    0    0     0     8 1303 1929  1  1 98  0  0
 3  0      0 6272104   5244 6218988    0    0     0     0 1637 2086  2  2 96  0  0
 0  0      0 6270612   5244 6218988    0    0     0     0 13169 2071  6 30 64  0  0
 1  0      0 6269968   5244 6218988    0    0     0     0 1537 2324  1  1 97  0  0
 0  0      0 6269604   5244 6218988    0    0     0     0 1331 2024  1  2 97  0  0
 0  0      0 6269484   5244 6218988    0    0     0     0 11324 2191  6 29 65  0  0
 0  0      0 6268340   5244 6218988    0    0     0     0 10795 2146  5 26 69  0  0
 2  0      0 6267440   5244 6218988    0    0     0     0 12628 2191  7 31 62  0  0
 1  0      0 6268052   5244 6218988    0    0     0     0 11860 2396  8 31 61  0  0
 2  0      0 6267272   5244 6218988    0    0     0     0 11709 1868  8 28 64  0  0
 1  0      0 6268480   5244 6218988    0    0     0    76 12240 3270 10 33 57  0  0
 1  0      0 6268544   5244 6218988    0    0     0    61 9898 2237  6 23 71  0  0
 2  0      0 6269652   5244 6218988    0    0     0     0 13854 2608  7 31 62  0  0
 1  0      0 6268504   5244 6218988    0    0     0     0 12245 3215  7 33 60  0  0
 1  0      0 6268960   5244 6218988    0    0     0     0 12434 2545  8 30 62  0  0
 0  0      0 6268724   5244 6218988    0    0     0     0 11476 2547  8 28 64  0  0
 3  0      0 6268172   5244 6218988    0    0     0     0 8781 2410  5 23 72  0  0
procs -----------memory---------- ---swap-- -----io---- -system-- ------cpu-----
 r  b   swpd   free   buff  cache   si   so    bi    bo   in   cs us sy id wa st
 1  0      0 6268944   5244 6218988    0    0     0     0 12422 2319  7 33 59  0  0
 1  0      0 6268440   5244 6218988    0    0     0     0 15871 2958  7 29 64  0  0
 1  0      0 6268824   5244 6218988    0    0     0     0 12635 2394  8 29 63  0  0
 5  0      0 6268636   5244 6218988    0    0     0     0 11285 2604  7 28 65  0  0
 1  0      0 6268176   5244 6218988    0    0     0     0 10333 2394  6 24 70  0  0
 3  0      0 6268792   5244 6218988    0    0     0     0 12378 2505  7 33 60  0  0
 1  0      0 6267724   5244 6218988    0    0     0     0 11442 2824  8 32 60  0  0
 3  0      0 6266716   5244 6218956    0    0     0     0 13867 2503  6 27 67  0  0
 3  0      0 6268548   5244 6218896    0    0     0     0 10375 3112  7 29 64  0  0
 0  0      0 6272324   5244 6218896    0    0     0    20 5677 2336  4 13 83  0  0
 1  0      0 6272232   5244 6218896    0    0     0     0 1493 2106  1  2 97  0  0
 0  0      0 6272764   5244 6218896    0    0     0     0 1848 2705  1  2 97  0  0
 2  0      0 6272396   5244 6218896    0    0     0     0 2452 2488  1  3 96  0  0
 0  0      0 6272572   5244 6218896    0    0     0     0 5608 2437  2  7 91  0  0
 0  0      0 6272168   5244 6218896    0    0     0     8 1688 2446  1  1 98  0  0
 0  0      0 6271420   5244 6218848    0    0     0     0 4422 5620  1  2 84 13  0
 0  0      0 6271168   5244 6218848    0    0     0     0 1461 2163  1  1 98  0  0
 0  0      0 6270804   5244 6218848    0    0     0     0 1493 2289  1  1 98  0  0
 0  0      0 6270432   5244 6218848    0    0     0     0 1630 2396  1  1 98  0  0
 0  0      0 6270144   5244 6218848    0    0     0     0 1489 2124  1  1 97  0  0
 3  0      0 6270084   5244 6218848    0    0     0     0 1149 1428  1  1 98  0  0
procs -----------memory---------- ---swap-- -----io---- -system-- ------cpu-----
 r  b   swpd   free   buff  cache   si   so    bi    bo   in   cs us sy id wa st
 0  0      0 6270344   5244 6218848    0    0     0     0 1362 2049  1  1 98  0  0
 0  0      0 6271652   5244 6218848    0    0     0     0 1492 2115  1  1 98  0  0
