procs -----------memory---------- ---swap-- -----io---- -system-- ------cpu-----
 r  b   swpd   free   buff  cache   si   so    bi    bo   in   cs us sy id wa st
 0  0      0 6774648   5244 5962760    0    0     0     5    2    5  0  1 99  0  0
 0  0      0 6774088   5244 5962764    0    0     0     0 1526 2195  1  1 98  0  0
 0  0      0 6774396   5244 5962764    0    0     0     0 1823 2597  1  2 97  0  0
 0  0      0 6775124   5244 5962764    0    0     0     4 1739 2359  1  2 97  0  0
 0  0      0 6774900   5244 5962764    0    0     0     0 1207 1775  1  1 98  0  0
 2  0      0 6780440   5244 5962764    0    0     0     0 14027 2770  5 17 78  0  0
 1  0      0 6776832   5244 5962760    0    0     0     0 22799 3083  8 31 60  0  0
 2  0      0 6777272   5244 5962776    0    0     0     0 14480 3394 11 27 62  0  0
 1  0      0 6775624   5244 5962776    0    0     0     0 12143 2503 11 29 60  0  0
 2  0      0 6776012   5244 5962792    0    0     0     0 11970 2732 10 32 58  0  0
 7  0      0 6770768   5244 5962952    0    0     0     0 10867 2510 10 32 58  0  0
 1  0      0 6773992   5244 5962984    0    0     0     0 11003 2913  9 32 59  0  0
 2  0      0 6772752   5244 5963064    0    0     0     0 12775 3303 11 30 60  0  0
 2  0      0 6770428   5244 5963128    0    0     0     0 10465 3115 10 30 61  0  0
 4  0      0 6771296   5244 5963160    0    0     0     0 10409 2755 12 30 58  0  0
 2  0      0 6769200   5244 5963128    0    0     0     0 11828 2672 11 32 58  0  0
 2  0      0 6770572   5244 5963160    0    0     0     0 11260 2680 11 31 59  0  0
 6  0      0 6767344   5244 5963208    0    0     0     0 10594 2545 10 36 54  0  0
 1  0      0 6764552   5244 5963244    0    0     0     0 12705 3182 11 31 58  0  0
 3  0      0 6768268   5244 5963364    0    0     0     0 11851 3066 11 32 57  0  0
 1  0      0 6764072   5244 5963364    0    0     0     0 12544 2978 11 36 53  0  0
procs -----------memory---------- ---swap-- -----io---- -system-- ------cpu-----
 r  b   swpd   free   buff  cache   si   so    bi    bo   in   cs us sy id wa st
 9  0      0 6760672   5244 5963364    0    0     0     0 8408 2636  9 36 55  0  0
 4  0      0 6760304   5244 5963396    0    0     0     0 7071 2682 11 42 46  0  0
 2  1      0 6761168   5244 5963452    0    0     0     0 12393 3212  9 35 55  0  0
 5  0      0 6759120   5244 5963532    0    0     0     0 11808 2895 10 35 55  0  0
 1  0      0 6759656   5244 5963532    0    0     0     0 11793 2988 10 36 54  0  0
 1  0      0 6757324   5244 5963532    0    0     0     0 10618 2696 10 35 55  0  0
 3  0      0 6758080   5244 5963532    0    0     0     0 11952 3185 11 35 55  0  0
 2  0      0 6756036   5244 5963532    0    0     0   133 12109 3186 11 36 52  0  0
 2  0      0 6756748   5244 5963532    0    0     0     4 11404 3015 10 37 53  0  0
 4  0      0 6758200   5244 5963532    0    0     0     0 12978 2917 10 35 55  0  0
 1  0      0 6756656   5244 5963532    0    0     0     0 12371 3141 10 39 51  0  0
 3  0      0 6754312   5244 5963536    0    0     0     0 10224 2814 10 38 51  0  0
 1  0      0 6755640   5244 5963536    0    0     0     0 11873 3122 11 40 49  0  0
 5  0      0 6756088   5244 5963536    0    0     0    20 11624 2955 10 32 58  0  0
 3  0      0 6756124   5244 5963536    0    0     0     0 10473 2850 10 42 47  0  0
 1  0      0 6757096   5244 5963556    0    0     0     0 11929 3042 10 32 57  0  0
 2  0      0 6756536   5244 5963556    0    0     0     0 11509 3439 11 37 52  0  0
15  0      0 6755104   5244 5963556    0    0     0     0 10234 2068  9 38 53  0  0
 1  0      0 6754712   5244 5963556    0    0     0     0 9492 2992 12 40 48  0  0
 4  0      0 6753864   5244 5963556    0    0     0     0 13109 3039 10 36 54  0  0
 1  0      0 6752992   5244 5963556    0    0     0     0 11581 3192 10 39 51  0  0
procs -----------memory---------- ---swap-- -----io---- -system-- ------cpu-----
 r  b   swpd   free   buff  cache   si   so    bi    bo   in   cs us sy id wa st
 2  0      0 6753160   5244 5963556    0    0     0     0 10343 3543 11 38 52  0  0
 2  0      0 6755412   5244 5963604    0    0     0     0 11833 2932 10 35 55  0  0
 3  0      0 6754656   5244 5963608    0    0     0     0 11304 2648  9 33 58  0  0
 5  0      0 6756036   5244 5963624    0    0     0     0 11367 2727 10 38 52  0  0
 1  0      0 6755460   5244 5963624    0    0     0     0 11023 2756 10 35 55  0  0
 4  0      0 6754176   5244 5963628    0    0     0     0 11207 3353 11 37 53  0  0
 3  0      0 6754960   5244 5963628    0    0     0     0 11704 3079 10 40 51  0  0
 4  0      0 6756608   5244 5963636    0    0     0     0 11595 3343 10 42 48  0  0
 2  0      0 6757976   5244 5963636    0    0     0     0 10914 2658 10 34 56  0  0
 4  0      0 6759528   5244 5963556    0    0     0     0 13628 3350 10 35 56  0  0
 1  0      0 6758508   5244 5963556    0    0     0     0 12298 3500 11 37 52  0  0
 5  0      0 6758892   5244 5963556    0    0     0     0 11644 3347 11 37 52  0  0
 1  0      0 6758352   5244 5963556    0    0     0     0 11413 3020 10 45 45  0  0
 1  0      0 6758100   5244 5963556    0    0     0     0 12360 3382 10 38 53  0  0
 9  0      0 6755708   5244 5963556    0    0     0     0 11506 2963 11 35 54  0  0
 2  0      0 6756828   5244 5963556    0    0     0     0 13113 3279 10 36 54  0  0
 3  0      0 6757668   5244 5963556    0    0     0    31 10748 3041 11 35 55  0  0
 8  0      0 6756768   5244 5963556    0    0     0     0 12221 2720 10 36 53  0  0
 2  0      0 6756836   5244 5963556    0    0     0     4 10534 2482 10 35 55  0  0
 7  0      0 6753780   5244 5963556    0    0     0     0 8033 2914 11 48 41  0  0
 7  0      0 6755920   5244 5963556    0    0     0     0 13204 3330 11 36 53  0  0
procs -----------memory---------- ---swap-- -----io---- -system-- ------cpu-----
 r  b   swpd   free   buff  cache   si   so    bi    bo   in   cs us sy id wa st
 9  0      0 6754672   5244 5963556    0    0     0     0 10394 3154 10 38 52  0  0
 7  0      0 6757284   5244 5963556    0    0     0     0 12061 3002 11 33 56  0  0
 2  0      0 6755344   5244 5963588    0    0     0    24 11724 3173 10 35 54  0  0
 7  0      0 6752780   5244 5963588    0    0     0     0 12485 3194 10 40 51  0  0
 1  0      0 6754312   5244 5963620    0    0     0     0 11316 3468 11 37 52  0  0
 1  0      0 6756264   5244 5963540    0    0     0     0 12028 3149 10 37 54  0  0
 3  0      0 6758460   5244 5963540    0    0     0     0 11447 2694  9 33 58  0  0
 3  0      0 6756748   5244 5963540    0    0     0     0 13963 2966 10 37 53  0  0
 9  0      0 6755944   5244 5963540    0    0     0     0 12123 3762 11 36 54  0  0
 4  0      0 6756152   5244 5963540    0    0     0     0 10356 2805 11 40 50  0  0
 1  0      0 6756228   5244 5963540    0    0     0     0 12096 3271 10 38 52  0  0
 2  0      0 6753284   5244 5963540    0    0     0     0 11828 2943 10 38 53  0  0
 6  0      0 6756244   5244 5963540    0    0     0     0 12489 3112 11 34 55  0  0
 6  0      0 6755764   5244 5963540    0    0     0     0 11866 3316 10 37 53  0  0
 3  0      0 6754964   5244 5963540    0    0     0     0 10595 3035 10 37 53  0  0
 2  0      0 6755928   5244 5963540    0    0     0     0 12067 2802 10 36 54  0  0
 2  0      0 6758552   5244 5963540    0    0     0     0 11902 3210 11 37 52  0  0
 7  0      0 6756720   5244 5963540    0    0     0     0 10264 2163 10 41 49  0  0
 1  0      0 6756712   5244 5963540    0    0     0     0 12470 3936 11 37 53  0  0
 1  0      0 6757908   5244 5963540    0    0     0     0 12547 3124  9 37 54  0  0
12  0      0 6757516   5244 5963540    0    0     0     0 10375 2814 10 35 56  0  0
procs -----------memory---------- ---swap-- -----io---- -system-- ------cpu-----
 r  b   swpd   free   buff  cache   si   so    bi    bo   in   cs us sy id wa st
 3  0      0 6756132   5244 5963672    0    0     0     0 9415 2659 10 43 47  0  0
 1  0      0 6755724   5244 5963672    0    0     0     0 10932 3094 11 39 50  0  0
 3  0      0 6753904   5244 5963672    0    0     0     0 12447 3539 11 37 52  0  0
 1  0      0 6755688   5244 5963672    0    0     0     0 12272 3151 10 37 53  0  0
 2  0      0 6754176   5244 5963672    0    0     0     2 10907 3310 12 38 50  0  0
 2  0      0 6754228   5244 5963676    0    0     0     0 10540 3118 11 36 53  0  0
 2  0      0 6754296   5244 5963676    0    0     0     4 11127 3184 10 38 52  0  0
 2  0      0 6754424   5244 5963676    0    0     0     0 11509 3528 11 38 51  0  0
 1  0      0 6755208   5244 5963676    0    0     0     0 12816 3234 10 35 55  0  0
 3  0      0 6754880   5244 5963676    0    0     0     0 12307 3038 10 35 56  0  0
 2  0      0 6755020   5244 5963700    0    0     0     0 11064 3007 11 40 50  0  0
 4  0      0 6756432   5244 5963692    0    0     0    16 10795 2829 10 34 56  0  0
 2  0      0 6755516   5244 5963692    0    0     0     0 12161 3419 10 34 56  0  0
 1  0      0 6755776   5244 5963692    0    0     0     0 11611 3013  9 34 57  0  0
 3  0      0 6753344   5244 5963692    0    0     0     0 11649 3093 12 42 46  0  0
 2  0      0 6753384   5244 5963692    0    0     0     0 11905 3068 11 36 53  0  0
 7  0      0 6754292   5244 5963692    0    0     0     8 11438 2679  9 41 50  0  0
 2  0      0 6753688   5244 5963692    0    0     0     0 13014 3239 10 37 53  0  0
 2  0      0 6753528   5244 5963692    0    0     0     0 11788 2948 11 37 53  0  0
 2  0      0 6753408   5244 5963688    0    0     0     0 11994 3163 11 36 53  0  0
 2  0      0 6753316   5244 5963688    0    0     0     0 11430 2926 10 39 50  0  0
procs -----------memory---------- ---swap-- -----io---- -system-- ------cpu-----
 r  b   swpd   free   buff  cache   si   so    bi    bo   in   cs us sy id wa st
 2  0      0 6754052   5244 5963636    0    0     0     0 10982 2861 10 38 52  0  0
 3  0      0 6753952   5244 5963716    0    0     0     0 13219 3152 11 35 55  0  0
 1  0      0 6754036   5244 5963744    0    0     0     0 11407 3124 10 35 55  0  0
 2  0      0 6752884   5244 5963744    0    0     0     0 10069 2684 11 40 49  0  0
 3  0      0 6755372   5244 5963744    0    0     0     0 10444 3127 11 39 50  0  0
 1  0      0 6754768   5244 5963744    0    0     0     0 8538 2585 10 38 51  0  0
 3  0      0 6757164   5244 5963744    0    0     0     0 13531 3708 11 35 55  0  0
 1  0      0 6755988   5244 5963744    0    0     0     0 12017 3076 11 35 54  0  0
 2  0      0 6753956   5244 5963744    0    0     0     0 10005 2748 11 40 49  0  0
 2  0      0 6757008   5244 5963744    0    0     0     0 11318 2924 11 41 48  0  0
 2  0      0 6755028   5244 5963744    0    0     0     0 10996 2926 10 40 50  0  0
 7  0      0 6752668   5244 5963744    0    0     0     0 11760 3265 11 40 49  0  0
 1  0      0 6755704   5244 5963744    0    0     0     0 12314 2469  9 35 56  0  0
 6  0      0 6754672   5244 5963744    0    0     0     3 12468 3327 10 37 53  0  0
 2  0      0 6753308   5244 5963744    0    0     0     0 11592 3031 11 36 53  0  0
 4  0      0 6753572   5244 5963744    0    0     0     0 10587 2521 11 37 52  0  0
 3  1      0 6752988   5244 5963740    0    0     0     4 11245 3575 11 39 40 10  0
 4  1      0 6753752   5244 5963740    0    0     0     0 12429 2888 10 34 37 19  0
 2  1      0 6755532   5244 5963740    0    0     0     0 11937 3066 10 37 36 17  0
 2  0      0 6755432   5244 5963740    0    0     0     0 11277 2913 10 36 47  8  0
 4  0      0 6754884   5244 5963740    0    0     0     0 10936 3184 11 33 56  0  0
procs -----------memory---------- ---swap-- -----io---- -system-- ------cpu-----
 r  b   swpd   free   buff  cache   si   so    bi    bo   in   cs us sy id wa st
 3  0      0 6755084   5244 5963740    0    0     0    16 13147 3161 10 36 55  0  0
 2  0      0 6754492   5244 5963740    0    0     0     0 11073 3123 11 37 52  0  0
 3  0      0 6752900   5244 5963724    0    0     0     0 10380 3024 11 34 55  0  0
 4  0      0 6754896   5244 5963720    0    0     0     0 12066 2757  9 34 57  0  0
 3  0      0 6753048   5244 5963720    0    0     0     0 10395 2606 10 39 51  0  0
 2  0      0 6755516   5244 5963720    0    0     0     4 12088 3289 11 33 56  0  0
 2  0      0 6754028   5244 5963688    0    0     0     0 11992 2854 11 35 54  0  0
 2  0      0 6757160   5244 5963504    0    0     0     0 11799 2936 11 33 57  0  0
 3  0      0 6757448   5244 5963492    0    0     0     0 10378 2562 11 37 52  0  0
 3  0      0 6757928   5244 5963456    0    0     0     0 13762 2933 10 30 61  0  0
 1  0      0 6760332   5244 5963416    0    0     0     0 12523 3251 11 31 58  0  0
 2  0      0 6759536   5244 5963364    0    0     0     0 11282 2632 10 28 62  0  0
 1  0      0 6761352   5244 5963296    0    0     0     0 11339 2409 10 29 61  0  0
 2  0      0 6762424   5244 5963252    0    0     0     0 12465 2883 12 30 58  0  0
 3  0      0 6762452   5244 5963200    0    0     0     0 14749 2889 11 31 59  0  0
 2  0      0 6762356   5244 5963172    0    0     0     0 13097 3576 11 32 57  0  0
 3  0      0 6760640   5244 5963076    0    0     0     0 13548 2657  9 31 60  0  0
 1  0      0 6761520   5244 5962896    0    0     0     0 15393 3203  9 39 52  0  0
 3  0      0 6756828   5244 5962896    0    0     0     0 15442 5695  9 35 56  0  0
 0  0      0 6756896   5244 5962892    0    0     0     0 3497 3136  2  5 93  0  0
 0  0      0 6755996   5244 5962892    0    0     0     0 2002 2832  2  3 95  0  0
procs -----------memory---------- ---swap-- -----io---- -system-- ------cpu-----
 r  b   swpd   free   buff  cache   si   so    bi    bo   in   cs us sy id wa st
 0  0      0 6755744   5244 5962892    0    0     0     0 1451 2119  1  1 98  0  0
 0  0      0 6755548   5244 5962892    0    0     0     0 1501 2229  1  2 97  0  0
 0  0      0 6755240   5244 5962892    0    0     0    10 1464 2243  2  2 97  0  0
 0  0      0 6755044   5244 5962892    0    0     0     0 1333 1956  1  1 98  0  0
 0  0      0 6754664   5244 5962892    0    0     0     0 1896 2759  2  2 97  0  0
 0  0      0 6755048   5244 5962892    0    0     0     4 1353 2030  1  1 98  0  0
 0  0      0 6755860   5244 5962892    0    0     0     0 1719 2500  1  1 98  0  0
 0  0      0 6755576   5244 5962892    0    0     0     0 1555 2178  1  1 98  0  0
 0  0      0 6755796   5244 5962892    0    0     0     0 1434 2106  1  2 98  0  0
 0  0      0 6755624   5244 5962892    0    0     0     0 1865 2727  2  1 97  0  0
 0  1      0 6755568   5244 5962892    0    0     0    16 1564 2220  1  1 79 19  0
