procs -----------memory---------- ---swap-- -----io---- -system-- ------cpu-----
 r  b   swpd   free   buff  cache   si   so    bi    bo   in   cs us sy id wa st
 0  0      0 6558196   5244 6129828    0    0     0     5    6   11  0  1 99  0  0
 0  0      0 6558016   5244 6129832    0    0     0     0 1439 2101  1  1 98  0  0
 0  0      0 6557796   5244 6129832    0    0     0     0 1208 1836  1  1 98  0  0
 0  0      0 6557492   5244 6129832    0    0     0     0 1716 2539  1  1 98  0  0
 0  0      0 6557292   5244 6129832    0    0     0     0 1274 2007  1  1 98  0  0
 0  0      0 6555356   5244 6129868    0    0     0     0 8801 10160  3  8 89  0  0
 0  0      0 6553216   5244 6130052    0    0     0     0 29870 30021 12 31 57  0  0
10  0      0 6550720   5244 6130256    0    0     0     0 26400 23433 14 41 45  0  0
12  0      0 6547104   5244 6130592    0    0     0     0 23734 16335 17 50 33  0  0
12  0      0 6545436   5244 6131004    0    0     0     0 20060 12906 21 61 18  0  0
11  0      0 6542676   5244 6131496    0    0     0     0 21164 15092 21 55 24  0  0
15  0      0 6539568   5244 6132048    0    0     0     0 23929 17491 22 51 27  0  0
 8  0      0 6541776   5244 6132580    0    0     0     0 22237 16214 21 45 34  0  0
 5  0      0 6539944   5244 6133136    0    0     0     0 22044 17486 19 44 37  0  0
10  0      0 6537704   5244 6133828    0    0     0     8 23852 19838 22 49 28  0  0
 6  0      0 6537144   5244 6134396    0    0     0     0 19643 13565 19 43 38  0  0
 1  0      0 6534580   5244 6135124    0    0     0     0 22160 15585 20 44 36  0  0
 0  0      0 6534172   5244 6135144    0    0     0     0 2301 2825  1  2 97  0  0
 0  0      0 6533324   5244 6135160    0    0     0     0 2639 3251  2  3 95  0  0
 0  0      0 6532652   5244 6135192    0    0     0     0 2365 3017  1  2 96  0  0
 0  0      0 6532052   5244 6135192    0    0     0     0 2300 2860  2  3 96  0  0
procs -----------memory---------- ---swap-- -----io---- -system-- ------cpu-----
 r  b   swpd   free   buff  cache   si   so    bi    bo   in   cs us sy id wa st
 0  2      0 6531376   5244 6135208    0    0     0     8 2498 3143  1  2 70 27  0
 1  2      0 6530872   5244 6135240    0    0     0     0 2302 2952  2  2 48 48  0
 0  0      0 6530684   5244 6135244    0    0     0     0 3001 3713  4  4 49 44  0
 7  0      0 6520020   5244 6136200    0    0     0     0 20329 8235 16 43 40  0  0
 8  0      0 6517472   5244 6137144    0    0     0     0 24050 11023 23 59 18  0  0
 0  0      0 6516608   5244 6138220    0    0     0     0 21336 13026 24 55 21  0  0
 0  0      0 6515444   5244 6139080    0    0     0     0 18744 12200 19 42 39  0  0
 6  0      0 6515000   5244 6140036    0    0     0     0 17995 13600 16 35 48  0  0
 6  0      0 6514216   5244 6140844    0    0     0     0 19599 11490 21 48 30  0  0
 3  0      0 6513548   5244 6141712    0    0     0     0 20337 16552 19 39 42  0  0
 4  0      0 6512804   5244 6142812    0    0     0     4 22101 16492 21 50 29  0  0
 3  0      0 6510844   5244 6143712    0    0     0     0 16248 9859 19 45 36  0  0
 1  0      0 6510500   5244 6144708    0    0     0     0 20363 13956 21 49 29  0  0
 2  0      0 6509924   5244 6145636    0    0     0     0 22080 15608 24 58 18  0  0
 3  0      0 6507376   5244 6146700    0    0     0     0 22399 17149 22 50 29  0  0
15  0      0 6507616   5244 6147584    0    0     0 17592 20632 15517 20 48 31  2  0
10  0      0 6505024   5244 6148456    0    0     0     0 20447 16888 18 38 43  0  0
 7  0      0 6505080   5244 6149316    0    0     0     0 18849 12398 21 48 31  0  0
 0  0      0 6504420   5244 6150356    0    0     0     0 24815 18398 19 42 38  0  0
10  0      0 6503824   5244 6151296    0    0     0     0 20401 14517 21 44 35  0  0
11  0      0 6502572   5244 6152268    0    0     0     0 23440 15724 24 52 24  0  0
procs -----------memory---------- ---swap-- -----io---- -system-- ------cpu-----
 r  b   swpd   free   buff  cache   si   so    bi    bo   in   cs us sy id wa st
 7  0      0 6503720   5244 6153356    0    0     0     0 22883 16683 26 51 23  0  0
 9  0      0 6502348   5244 6154364    0    0     0     0 21614 17181 21 44 34  0  0
 7  0      0 6501728   5244 6155336    0    0     0   113 23635 16617 24 54 23  0  0
 8  0      0 6500048   5244 6156328    0    0     0     0 23461 17460 22 48 31  0  0
 6  0      0 6498152   5244 6157112    0    0     0     0 21559 15209 22 47 30  0  0
 0  0      0 6496696   5244 6158260    0    0     0     0 20740 14109 24 51 25  0  0
 0  0      0 6495732   5244 6159108    0    0     0     0 16262 15849 16 34 50  0  0
 3  0      0 6495836   5244 6159304    0    0     0    21 4855 3393  5 12 83  0  0
 0  0      0 6494992   5244 6159776    0    0     0     0 6424 2610  6 15 79  0  0
 1  0      0 6494276   5244 6159996    0    0     0     0 3342 2822  3  8 90  0  0
 0  1      0 6493704   5244 6160252    0    0     0    20 5782 3371  4 11 65 20  0
 0  0      0 6493484   5244 6160256    0    0     0     0 1975 2791  2  3 87  9  0
 0  0      0 6494600   5244 6160256    0    0     0     0 1597 2354  2  1 98  0  0
 0  0      0 6495052   5244 6160256    0    0     0     0 1419 2089  1  2 98  0  0
 0  0      0 6495836   5244 6160256    0    0     0     0 1435 2122  1  1 97  0  0
 1  0      0 6495980   5244 6160256    0    0     0     0 1408 2141  1  2 97  0  0
 0  0      0 6495896   5244 6160256    0    0     0     0 2341 2999  3  3 94  0  0
 0  0      0 6496164   5244 6160852    0    0     0     0 14054 4627 15 38 47  0  0
 0  0      0 6493732   5244 6162068    0    0     0     0 26478 16181 20 47 33  0  0
 0  0      0 6493016   5244 6162876    0    0     0     0 17303 12336 16 34 49  0  0
 0  0      0 6492052   5244 6163644    0    0     0     8 16151 10346 14 32 54  0  0
procs -----------memory---------- ---swap-- -----io---- -system-- ------cpu-----
 r  b   swpd   free   buff  cache   si   so    bi    bo   in   cs us sy id wa st
 0  0      0 6491572   5244 6164312    0    0     0     0 17590 13642 13 30 58  0  0
 2  0      0 6490676   5244 6164932    0    0     0     0 14827 10019 11 27 62  0  0
 8  0      0 6489260   5244 6165580    0    0     0     0 15451 6761 16 40 44  0  0
 0  0      0 6489012   5244 6166520    0    0     0     0 18907 10123 18 44 38  0  0
 8  1      0 6488528   5244 6167192    0    0     0 12288 11902 8114 14 24 61  1  0
 6  0      0 6486904   5244 6168176    0    0     0  7464 15790 7995 18 45 37  0  0
 0  0      0 6486336   5244 6168836    0    0     0     0 15096 8356 15 34 51  0  0
12  0      0 6485684   5244 6169584    0    0     0     0 14728 7829 14 35 51  0  0
 0  0      0 6484236   5244 6170376    0    0     0     0 19678 10116 16 37 48  0  0
 0  0      0 6486536   5244 6171116    0    0     0     0 14036 6226 14 32 54  0  0
 0  0      0 6485540   5244 6171860    0    0     0     0 15827 8310 14 33 52  0  0
 0  0      0 6485816   5244 6172808    0    0     0     0 18819 7232 17 42 41  0  0
 0  0      0 6483796   5244 6173460    0    0     0   137 13522 7188 12 29 59  0  0
 0  0      0 6482584   5244 6174216    0    0     0     0 12372 5723 13 30 57  0  0
10  0      0 6482052   5244 6174840    0    0     0     0 16002 7343 14 34 52  0  0
 9  0      0 6481116   5244 6175672    0    0     0     0 13805 7994 12 27 61  0  0
 4  0      0 6479800   5244 6176684    0    0     0     0 22633 9322 23 58 19  0  0
 5  0      0 6478280   5244 6177688    0    0     0     0 22957 13393 21 51 28  0  0
 8  0      0 6477552   5244 6178520    0    0     0     0 19237 10304 22 51 27  0  0
 5  0      0 6476016   5244 6179692    0    0     0     0 20054 13059 19 47 34  0  0
 4  0      0 6474224   5244 6180764    0    0     0     8 24341 17302 23 53 25  0  0
procs -----------memory---------- ---swap-- -----io---- -system-- ------cpu-----
 r  b   swpd   free   buff  cache   si   so    bi    bo   in   cs us sy id wa st
 1  0      0 6473684   5244 6181848    0    0     0     0 21975 16178 20 45 36  0  0
10  0      0 6471756   5244 6182828    0    0     0     0 22023 15395 24 54 22  0  0
 6  0      0 6470788   5244 6183704    0    0     0    76 16124 10721 23 54 23  0  0
 0  0      0 6470280   5244 6184644    0    0     0     0 18771 13497 16 36 47  0  0
 0  0      0 6469728   5244 6184972    0    0     0     0 6562 4521  5 12 82  0  0
 0  0      0 6469620   5244 6184976    0    0     0     0 1726 2470  1  1 97  0  0
 0  0      0 6469360   5244 6184976    0    0     0     0 1541 2113  1  1 98  0  0
 0  0      0 6469168   5244 6184976    0    0     0     0 1657 2433  1  1 98  0  0
 1  0      0 6469064   5244 6184976    0    0     0     0 1613 2109  1  2 98  0  0
 0  0      0 6469228   5244 6184976    0    0     0     0 2126 3063  2  2 96  0  0
 0  0      0 6468960   5244 6185136    0    0     0     8 5387 3592  4 10 86  0  0
 7  0      0 6468392   5244 6186072    0    0     0     0 24721 10421 21 56 23  0  0
 1  0      0 6467736   5244 6186976    0    0     0     0 25753 13385 21 53 26  0  0
 6  0      0 6466164   5244 6187936    0    0     0     0 18903 13995 15 37 48  0  0
 6  0      0 6466128   5244 6188804    0    0     0     0 20822 13509 20 48 32  0  0
 0  0      0 6464376   5244 6189808    0    0     0 21692 20442 15253 20 47 31  2  0
 3  0      0 6463452   5244 6190440    0    0     0     0 16864 11364 17 39 44  0  0
 0  0      0 6464056   5244 6191508    0    0     0     0 14240 8370 18 48 34  0  0
 4  0      0 6465100   5244 6192180    0    0     0     0 10446 7692 11 29 60  0  0
 3  0      0 6463340   5244 6193104    0    0     0     0 18292 12082 18 46 36  0  0
 2  0      0 6463688   5244 6193712    0    0     0     0 13155 8720  9 22 69  0  0
procs -----------memory---------- ---swap-- -----io---- -system-- ------cpu-----
 r  b   swpd   free   buff  cache   si   so    bi    bo   in   cs us sy id wa st
 0  0      0 6462480   5244 6194780    0    0     0   114 26244 14667 22 54 24  0  0
 0  0      0 6460256   5244 6195728    0    0     0     0 20966 14069 18 41 41  0  0
 7  0      0 6458044   5244 6196832    0    0     0     0 22726 17659 22 53 25  0  0
10  0      0 6457296   5244 6197960    0    0     0     0 20181 14264 25 56 19  0  0
 0  0      0 6455688   5244 6198940    0    0     0     0 18795 13129 21 47 32  0  0
 4  0      0 6455144   5244 6200012    0    0     0     0 22402 15883 23 55 21  0  0
 0  0      0 6454216   5244 6200840    0    0     0     0 21113 17436 19 44 36  0  0
14  0      0 6453432   5244 6201376    0    0     0     0 7511 4558  8 15 77  0  0
 7  0      0 6451148   5244 6202476    0    0     0     0 22824 10845 20 52 28  0  0
 5  0      0 6449416   5244 6203612    0    0     0     8 25046 15306 20 52 29  0  0
 9  0      0 6449740   5244 6204544    0    0     0     0 21459 14750 18 42 40  0  0
 8  0      0 6448904   5244 6205448    0    0     0     0 24275 16635 23 53 24  0  0
14  0      0 6447724   5244 6206540    0    0     0     0 18282 10878 22 50 28  0  0
 0  0      0 6446784   5244 6207676    0    0     0     0 21112 13237 23 53 24  0  0
 0  0      0 6445140   5244 6208456    0    0     0     0 14818 10891 14 31 55  0  0
11  0      0 6445124   5244 6209340    0    0     0     0 18598 11187 15 36 49  0  0
 6  0      0 6443520   5244 6210284    0    0     0     0 24240 13434 22 52 26  0  0
 5  0      0 6442144   5244 6211216    0    0     0     0 20919 13362 20 45 35  0  0
 0  0      0 6442188   5244 6211600    0    0     0     0 3738 3790  3  6 91  0  0
 0  0      0 6441564   5244 6212068    0    0     0     0 7461 5433  6 12 82  0  0
 0  0      0 6441140   5244 6212160    0    0     0     4 2776 2751  2  4 94  0  0
procs -----------memory---------- ---swap-- -----io---- -system-- ------cpu-----
 r  b   swpd   free   buff  cache   si   so    bi    bo   in   cs us sy id wa st
 0  0      0 6441332   5244 6212160    0    0     0     0 1496 2127  1  2 97  0  0
 2  0      0 6440732   5244 6212164    0    0     0     0 1858 2648  2  2 96  0  0
 0  0      0 6442260   5244 6212164    0    0     0     0 1826 2407  3  2 95  0  0
 0  0      0 6441964   5244 6212260    0    0     0     0 2228 2185  3  5 92  0  0
 0  0      0 6441952   5244 6212504    0    0     0 23112 4892 3190  6 15 70  9  0
10  0      0 6442248   5244 6213136    0    0     0     0 18039 7678 13 36 51  0  0
18  0      0 6442524   5244 6213584    0    0     0     0 13905 8315 10 26 64  0  0
 2  0      0 6446944   5244 6214388    0    0     0     0 20041 9811 16 46 38  0  0
 0  0      0 6447520   5244 6215216    0    0     0     0 24103 15918 16 41 43  0  0
11  0      0 6448652   5244 6215796    0    0     0    28 19602 14153 16 39 45  0  0
 0  0      0 6448660   5244 6216552    0    0     0     0 22903 15792 20 51 30  0  0
11  0      0 6444396   5244 6216936    0    0     0     0 23653 18028 18 42 40  0  0
 0  0      0 6452096   5244 6217076    0    0     0     0 6045 7505  3  7 91  0  0
 5  0      0 6452764   5244 6217468    0    0     0     0 12422 6479 17 49 34  0  0
10  0      0 6452556   5244 6217888    0    0     0     0 28938 16923 17 53 31  0  0
 0  0      0 6452928   5244 6218212    0    0     0     0 26472 28724 14 36 50  0  0
 6  0      0 6453868   5244 6218528    0    0     0     0 17544 16123 11 28 61  0  0
 0  0      0 6455892   5244 6218716    0    0     0     0 27648 29250 12 34 54  0  0
 0  0      0 6457132   5244 6218828    0    0     0     0 22081 28402  9 21 70  0  0
 0  0      0 6459908   5244 6218840    0    0     0     0 6922 10011  2  6 92  0  0
 0  0      0 6461648   5244 6218840    0    0     0     8 1956 2871  1  2 97  0  0
procs -----------memory---------- ---swap-- -----io---- -system-- ------cpu-----
 r  b   swpd   free   buff  cache   si   so    bi    bo   in   cs us sy id wa st
 2  0      0 6461160   5244 6218840    0    0     0     0 1744 2471  2  2 97  0  0
 0  0      0 6461292   5244 6218840    0    0     0     0 1582 2347  2  2 97  0  0
 5  0      0 6461160   5244 6218840    0    0     0     0 1114 1590  1  1 99  0  0
 1  0      0 6460848   5244 6218840    0    0     0     0 1074 1410  1  1 99  0  0
 0  0      0 6460956   5244 6218840    0    0     0     0 1570 2245  1  1 98  0  0
 0  0      0 6460644   5244 6218840    0    0     0     0 2024 2836  2  2 96  0  0
 0  0      0 6460704   5244 6218840    0    0     0     0 1652 2329  1  1 98  0  0
 0  0      0 6460752   5244 6218840    0    0     0     0 1589 2297  1  1 98  0  0
 0  0      0 6460640   5244 6218840    0    0     0     0 1463 2110  1  1 98  0  0
