procs -----------memory---------- ---swap-- -----io---- -system-- ------cpu-----
 r  b   swpd   free   buff  cache   si   so    bi    bo   in   cs us sy id wa st
 0  0      0 7137400   5244 5962708    0    0     0     5    0    3  0  1 99  0  0
 0  0      0 7137136   5244 5962712    0    0     0     0 1463 2160  1  1 98  0  0
 5  0      0 7137436   5244 5962712    0    0     0     0 1337 2025  1  1 98  0  0
 0  0      0 7137360   5244 5962712    0    0     0     0 1299 1755  1  1 99  0  0
 0  0      0 7137432   5244 5962712    0    0     0     0 1401 2011  1  2 97  0  0
 0  0      0 7137380   5244 5962712    0    0     0     4 1208 1855  1  1 98  0  0
 0  0      0 7137104   5244 5962712    0    0     0     0 1486 2222  1  1 98  0  0
12  0      0 7084424   5244 5962712    0    0     0     0 21086 12201 25 29 46  0  0
44  0      0 7026268   5244 5962696    0    0     0     0 39919 18670 38 50 12  0  0
 5  0      0 7034664   5244 5962712    0    0     0     0 29999 19316 39 41 19  0  0
 9  0      0 7009980   5244 5962712    0    0     0     0 21776 16405 37 39 24  0  0
 1  0      0 6976068   5244 5962760    0    0     0     4 24665 15768 39 40 21  0  0
54  0      0 6918852   5244 5962776    0    0     0     0 33026 21310 45 47  8  0  0
17  0      0 6874992   5244 5962808    0    0     0     0 28464 20104 44 45 11  0  0
13  0      0 6836664   5244 5962840    0    0     0     3 24187 17503 41 48 11  0  0
 2  0      0 6794908   5244 5962916    0    0     0     0 26910 17320 43 47 10  0  0
39  0      0 6769368   5244 5962980    0    0     0     0 25290 17355 41 48 12  0  0
117  0      0 6740088   5244 5963068    0    0     0     0 34949 23085 46 48  6  0  0
 2  0      0 6697340   5244 5963148    0    0     0     0 30201 21839 46 48  6  0  0
 1  0      0 6654696   5244 5963168    0    0     0     0 30908 20823 44 44 12  0  0
44  0      0 6618832   5244 5963296    0    0     0     0 33618 22334 48 47  5  0  0
procs -----------memory---------- ---swap-- -----io---- -system-- ------cpu-----
 r  b   swpd   free   buff  cache   si   so    bi    bo   in   cs us sy id wa st
105  0      0 6592012   5244 5963304    0    0     0     0 34133 22605 49 47  4  0  0
 1  0      0 6573332   5244 5963348    0    0     0     0 36379 24285 47 49  4  0  0
26  0      0 6569292   5244 5963412    0    0     0     0 34292 22002 48 47  5  0  0
173  0      0 6530056   5244 5963432    0    0     0     0 28866 19936 45 46  8  0  0
63  0      0 6505508   5244 5963500    0    0     0     0 32221 22550 47 50  3  0  0
44  0      0 6485580   5244 5963540    0    0     0     0 32870 21501 48 47  5  0  0
198  0      0 6452392   5244 5963540    0    0     0     0 32473 21771 50 45  5  0  0
123  0      0 6447224   5244 5963540    0    0     0     0 30142 20108 49 50  1  0  0
63  0      0 6422092   5244 5963572    0    0     0     0 26360 18372 44 44 12  0  0
47  0      0 6412404   5244 5963600    0    0     0     0 32710 21781 47 48  5  0  0
31  0      0 6379236   5244 5963616    0    0     0     4 25863 16103 57 38  6  0  0
119  0      0 6373596   5244 5963616    0    0     0     0 36229 23627 49 49  2  0  0
43  0      0 6380596   5244 5963616    0    0     0     0 35260 23829 48 47  5  0  0
95  0      0 6378472   5244 5963616    0    0     0     0 32668 22605 48 50  2  0  0
145  0      0 6383112   5244 5963616    0    0     0     0 32421 22433 46 47  7  0  0
98  1      0 6379184   5244 5963616    0    0     0     4 34815 23103 50 49  1  0  0
108  1      0 6412400   5244 5963616    0    0     0     0 32462 22233 45 44  8  3  0
58  0      0 6409692   5244 5963640    0    0     0     0 32394 22936 47 48  5  0  0
93  0      0 6412992   5244 5963640    0    0     0     0 34200 22563 48 51  1  0  0
137  0      0 6423712   5244 5963640    0    0     0     0 34441 21966 49 47  4  0  0
117  0      0 6430088   5244 5963640    0    0     0     4 30132 20769 55 38  7  0  0
procs -----------memory---------- ---swap-- -----io---- -system-- ------cpu-----
 r  b   swpd   free   buff  cache   si   so    bi    bo   in   cs us sy id wa st
43  0      0 6425716   5244 5963640    0    0     0     0 34688 22892 48 50  3  0  0
97  0      0 6431860   5244 5963676    0    0     0     0 34255 24918 47 46  7  0  0
207  0      0 6458220   5244 5963676    0    0     0    31 31448 20205 45 46  9  0  0
 4  0      0 6459184   5244 5963676    0    0     0     0 27902 21333 46 46  7  0  0
39  0      0 6454332   5244 5963716    0    0     0     0 28770 19495 46 52  2  0  0
19  0      0 6463340   5244 5963716    0    0     0     0 35954 23740 48 48  4  0  0
174  0      0 6462992   5244 5963716    0    0     0     0 35874 23295 50 48  2  0  0
63  0      0 6463552   5244 5963716    0    0     0     0 32213 21197 48 48  3  0  0
42  0      0 6494164   5244 5963716    0    0     0     0 30913 21302 44 43 13  0  0
19  0      0 6497108   5244 5963716    0    0     0     0 30456 20113 47 48  6  0  0
50  0      0 6496268   5244 5963716    0    0     0     0 34858 23238 49 47  4  0  0
55  0      0 6499552   5244 5963720    0    0     0     0 34978 23204 48 49  4  0  0
16  0      0 6496452   5244 5963720    0    0     0     0 31282 21843 45 48  7  0  0
38  0      0 6471900   5244 5963720    0    0     0     0 26447 19123 45 43 13  0  0
69  0      0 6447724   5244 5963720    0    0     0     0 33913 21666 48 47  5  0  0
32  0      0 6443288   5244 5963720    0    0     0     0 35964 23097 50 47  3  0  0
20  0      0 6440776   5244 5963720    0    0     0     0 31417 22334 54 43  3  0  0
130  0      0 6445360   5244 5963720    0    0     0     0 32571 21135 48 49  3  0  0
56  0      0 6448612   5244 5963720    0    0     0     0 35924 23690 49 48  3  0  0
37  0      0 6455484   5244 5963720    0    0     0     0 30043 19825 46 43 11  0  0
25  0      0 6460244   5244 5963720    0    0     0     8 33875 23580 47 48  5  0  0
procs -----------memory---------- ---swap-- -----io---- -system-- ------cpu-----
 r  b   swpd   free   buff  cache   si   so    bi    bo   in   cs us sy id wa st
39  0      0 6465988   5244 5963720    0    0     0     0 35788 23704 47 49  4  0  0
 9  0      0 6466356   5244 5963720    0    0     0     0 34525 23997 45 51  4  0  0
40  0      0 6469268   5244 5963720    0    0     0     0 34668 23431 46 49  5  0  0
23  0      0 6474540   5244 5963720    0    0     0     0 33673 22647 44 49  7  0  0
41  1      0 6475332   5244 5963720    0    0     0     4 35111 23430 44 51  3  2  0
12  1      0 6481496   5244 5963720    0    0     0     0 35972 24960 45 50  4  1  0
24  1      0 6481900   5244 5963720    0    0     0     0 36620 25133 44 52  3  1  0
57  1      0 6484340   5244 5963720    0    0     0     0 33633 22287 43 51  5  1  0
27  0      0 6526076   5244 5963720    0    0     0     0 30881 20383 43 47 10  0  0
45  0      0 6527496   5244 5963720    0    0     0     4 33335 22871 44 48  6  1  0
57  0      0 6528872   5244 5963720    0    0     0     0 32975 21606 45 51  4  0  0
32  0      0 6531328   5244 5963720    0    0     0     2 32374 21385 47 49  4  0  0
21  0      0 6532684   5244 5963720    0    0     0     0 27592 18609 44 48  8  0  0
25  0      0 6533568   5244 5963720    0    0     0     0 31569 21177 43 49  8  0  0
59  0      0 6578460   5244 5963720    0    0     0     0 30124 20695 43 44 13  0  0
167  0      0 6556008   5244 5963720    0    0     0     0 34438 23692 45 48  7  0  0
40  0      0 6531168   5244 5963720    0    0     0     0 33632 22604 48 47  5  0  0
75  0      0 6503696   5244 5963720    0    0     0     0 34807 22520 47 48  5  0  0
10  0      0 6489464   5244 5963720    0    0     0     0 35756 23741 48 46  6  0  0
15  0      0 6448612   5244 5963720    0    0     0     0 32086 21711 45 48  7  0  0
 1  0      0 6439500   5244 5963720    0    0     0     0 33050 21569 49 48  4  0  0
procs -----------memory---------- ---swap-- -----io---- -system-- ------cpu-----
 r  b   swpd   free   buff  cache   si   so    bi    bo   in   cs us sy id wa st
21  0      0 6485924   5244 5963720    0    0     0     0 33267 21699 45 45 10  0  0
35  0      0 6488740   5244 5963720    0    0     0     0 35405 23834 46 47  7  0  0
59  0      0 6490736   5244 5963720    0    0     0     0 33931 24130 47 47  6  0  0
17  0      0 6495116   5244 5963756    0    0     0     0 36716 24680 48 49  3  0  0
93  0      0 6497956   5244 5963756    0    0     0     0 35135 23185 48 48  4  0  0
97  0      0 6497696   5244 5963756    0    0     0     0 34982 22683 48 48  3  0  0
54  0      0 6503308   5244 5963756    0    0     0     0 29367 20283 45 42 13  0  0
26  0      0 6485820   5244 5963756    0    0     0     0 30195 21358 46 48  6  0  0
57  0      0 6459284   5244 5963756    0    0     0     0 35178 24300 47 48  5  0  0
40  0      0 6459724   5244 5963756    0    0     0     0 35611 25265 46 47  7  0  0
43  0      0 6458864   5244 5963756    0    0     0     0 32538 21512 46 49  5  0  0
41  0      0 6458880   5244 5963756    0    0     0     0 33145 22024 44 51  5  0  0
51  0      0 6461668   5244 5963756    0    0     0     0 34339 22217 45 51  5  0  0
 1  0      0 6461560   5244 5963756    0    0     0    12 34470 23872 45 46  8  0  0
19  0      0 6513760   5244 5963756    0    0     0     0 33735 22634 46 47  7  0  0
39  0      0 6515128   5244 5963756    0    0     0     0 34138 22660 46 48  6  0  0
15  0      0 6516112   5244 5963756    0    0     0     0 29677 20778 49 43  8  0  0
 6  0      0 6515972   5244 5963756    0    0     0     0 31111 20849 45 49  6  0  0
24  0      0 6518748   5244 5963756    0    0     0     4 34664 22818 47 48  5  0  0
15  0      0 6517372   5244 5963756    0    0     0     0 36577 25057 46 49  5  0  0
18  0      0 6523572   5244 5963756    0    0     0     3 34944 24205 48 46  6  0  0
procs -----------memory---------- ---swap-- -----io---- -system-- ------cpu-----
 r  b   swpd   free   buff  cache   si   so    bi    bo   in   cs us sy id wa st
63  0      0 6573080   5244 5963756    0    0     0     8 30772 20477 44 45 12  0  0
48  0      0 6579224   5244 5963756    0    0     0     0 30129 20529 45 47  8  0  0
105  0      0 6561304   5244 5963756    0    0     0     0 29758 21417 46 46  8  0  0
18  0      0 6512804   5244 5963756    0    0     0     0 33922 24214 49 43  7  0  0
40  0      0 6473516   5244 5963756    0    0     0     0 30671 20498 45 42 13  0  0
200  0      0 6442520   5244 5963756    0    0     0     0 34551 23559 48 47  5  0  0
48  0      0 6437248   5244 5963756    0    0     0     0 29152 19437 48 51  1  0  0
101  0      0 6404432   5244 5963756    0    0     0     0 30364 21024 46 47  7  0  0
53  0      0 6394936   5244 5963756    0    0     0     0 27489 18390 46 51  3  0  0
44  0      0 6365116   5244 5963756    0    0     0     0 29002 18838 46 48  6  0  0
60  0      0 6360360   5244 5963756    0    0     0     0 19482 14849 44 51  5  0  0
83  0      0 6338304   5244 5963756    0    0     0     0 31290 21701 45 45 10  0  0
 1  0      0 6328572   5244 5963756    0    0     0     0 32513 20903 45 45 10  0  0
80  0      0 6376132   5244 5963756    0    0     0     0 35062 23907 48 50  2  0  0
72  0      0 6375716   5244 5963756    0    0     0     0 34353 22391 47 50  3  0  0
67  0      0 6378136   5244 5963756    0    0     0     0 33975 23386 48 48  4  0  0
87  0      0 6375964   5244 5963756    0    0     0     0 32749 22277 48 48  3  0  0
89  0      0 6379396   5244 5963760    0    0     0     0 35002 22885 48 48  3  0  0
88  0      0 6381436   5244 5963764    0    0     0     0 33278 22940 48 46  5  0  0
11  0      0 6382924   5244 5963764    0    0     0     0 32694 24072 47 46  8  0  0
38  0      0 6379584   5244 5963764    0    0     0     0 36225 24465 48 49  3  0  0
procs -----------memory---------- ---swap-- -----io---- -system-- ------cpu-----
 r  b   swpd   free   buff  cache   si   so    bi    bo   in   cs us sy id wa st
55  0      0 6434712   5244 5963764    0    0     0     0 33268 21794 46 43 11  0  0
18  0      0 6438904   5244 5963764    0    0     0     0 34726 22245 45 49  5  0  0
32  0      0 6445888   5244 5963764    0    0     0     8 35715 23553 49 46  5  0  0
21  0      0 6449616   5244 5963764    0    0     0     0 34598 23371 48 47  4  0  0
22  0      0 6455244   5244 5963764    0    0     0     0 34857 23647 47 48  6  0  0
18  0      0 6458740   5244 5963764    0    0     0     0 35364 23976 48 47  5  0  0
22  0      0 6460784   5244 5963768    0    0     0     0 33961 23556 46 47  7  0  0
28  0      0 6459304   5244 5963768    0    0     0     4 29584 20009 45 50  5  0  0
31  0      0 6466372   5244 5963752    0    0     0     6 34648 23095 46 49  5  0  0
84  0      0 6511940   5244 5963752    0    0     0     0 30899 21185 45 43 12  0  0
12  0      0 6517264   5244 5963720    0    0     0     0 34705 25363 46 48  7  0  0
29  0      0 6521280   5244 5963708    0    0     0     0 34928 22753 47 47  5  0  0
23  0      0 6521804   5244 5963700    0    0     0     0 34570 24050 45 50  5  0  0
27  0      0 6528976   5244 5963620    0    0     0     0 36442 24480 46 48  5  0  0
86  0      0 6532184   5244 5963512    0    0     0     0 35340 24175 48 48  5  0  0
130  0      0 6538196   5244 5963276    0    0     0     0 35743 24132 50 47  3  0  0
93  1      0 6546800   5244 5963068    0    0     0    56 35387 23671 50 46  4  0  0
61  1      0 6557284   5244 5962936    0    0     0     0 36363 23931 49 48  2  1  0
 4  1      0 6557012   5244 5962904    0    0     0     0 37126 23842 47 50  2  1  0
 7  1      0 6562168   5244 5962872    0    0     0     4 18990 12450 71 26  2  2  0
 0  0      0 6568508   5244 5962872    0    0     0    16 25360 20010 31 32 36  1  0
procs -----------memory---------- ---swap-- -----io---- -system-- ------cpu-----
 r  b   swpd   free   buff  cache   si   so    bi    bo   in   cs us sy id wa st
 0  0      0 6568140   5244 5962872    0    0     0     0 1339 2077  1  1 98  0  0
 0  0      0 6568028   5244 5962872    0    0     0     0 2260 3181  2  2 97  0  0
 0  0      0 6568080   5244 5962868    0    0     0     0 1649 2269  1  1 98  0  0
 0  0      0 6567996   5244 5962868    0    0     0     0 1514 2207  1  1 98  0  0
 0  0      0 6567936   5244 5962868    0    0     0     0 1592 2286  1  1 98  0  0
 0  0      0 6567852   5244 5962868    0    0     0     0 1576 2335  1  1 98  0  0
 0  0      0 6567660   5244 5962868    0    0     0     0 2125 3142  2  2 96  0  0
 0  0      0 6567720   5244 5962868    0    0     0     0 1785 2497  1  2 97  0  0
 1  0      0 6567912   5244 5962868    0    0     0     0 1556 2400  1  1 98  0  0
 0  0      0 6567944   5244 5962868    0    0     0     0 1463 2103  1  1 98  0  0
 0  0      0 6567856   5244 5962868    0    0     0     0 1458 2155  1  1 98  0  0
 0  0      0 6581912   5244 5962868    0    0     0    16 2377 3444  2  2 96  0  0
 0  0      0 6581796   5244 5962868    0    0     0     0 1489 2112  1  1 98  0  0
 0  0      0 6582304   5244 5962868    0    0     0     0 1643 2421  1  1 98  0  0
 0  0      0 6582052   5244 5962868    0    0     0     0 1546 2168  1  1 97  0  0
 1  0      0 6581840   5244 5962868    0    0     0     0 1534 2232  1  1 98  0  0
 0  0      0 6580924   5244 5962868    0    0     0     0 1987 2840  2  2 97  0  0
 0  0      0 6580812   5244 5962868    0    0     0    64 1192 1732  1  1 98  0  0
 0  0      0 6580676   5244 5962868    0    0     0     0  940 1270  0  1 99  0  0
 0  0      0 6580396   5244 5962868    0    0     0     0 1382 2135  1  1 98  0  0
 0  0      0 6580000   5244 5962868    0    0     0     0 1480 2227  1  1 98  0  0
