procs -----------memory---------- ---swap-- -----io---- -system-- ------cpu-----
 r  b   swpd   free   buff  cache   si   so    bi    bo   in   cs us sy id wa st
 0  0      0 6753320   5244 5962888    0    0     0     5    2    5  0  1 99  0  0
 0  0      0 6753272   5244 5962892    0    0     0     3 1199 1890  1  1 98  0  0
 0  0      0 6753720   5244 5962892    0    0     0     0 1686 2365  1  1 97  0  0
 0  0      0 6753492   5244 5962892    0    0     0     0 1652 2367  1  1 98  0  0
 1  0      0 6752368   5244 5962892    0    0     0     0 1737 2143  1  1 97  0  0
 2  0      0 6727148   5244 5962892    0    0     0     0 15990 2460 12 19 69  0  0
 2  0      0 6723688   5244 5962892    0    0     0     0 13975 2569 14 17 69  0  0
 1  0      0 6722840   5244 5962892    0    0     0     0 11079 2387 15 17 68  0  0
 2  0      0 6722572   5244 5962892    0    0     0     0 11682 3090 15 17 68  0  0
 2  0      0 6726380   5244 5962908    0    0     0     0 10664 2317 15 20 65  0  0
 2  0      0 6725628   5244 5962908    0    0     0     0 10466 2158 16 21 63  0  0
 2  1      0 6727136   5244 5962988    0    0     0     4 10426 2353 16 24 59  2  0
 2  0      0 6730584   5244 5963004    0    0     0     0 10387 2463 15 24 56  6  0
 1  0      0 6734260   5244 5963004    0    0     0     0 10015 2682 15 22 63  0  0
 1  0      0 6736072   5244 5963036    0    0     0     0 8717 2568 15 25 60  0  0
 7  0      0 6737660   5244 5963052    0    0     0     0 10468 2170 16 20 65  0  0
 2  0      0 6724444   5244 5963100    0    0     0     0 10214 1966 15 23 62  0  0
 1  0      0 6712668   5244 5963116    0    0     0     4 10443 2282 15 22 64  0  0
 1  0      0 6710580   5244 5963148    0    0     0     0 9902 3219 17 28 56  0  0
 2  0      0 6701828   5244 5963212    0    0     0     0 7500 2123 14 29 57  0  0
 1  0      0 6701724   5244 5963228    0    0     0     0 8899 2609 18 20 62  0  0
procs -----------memory---------- ---swap-- -----io---- -system-- ------cpu-----
 r  b   swpd   free   buff  cache   si   so    bi    bo   in   cs us sy id wa st
 1  0      0 6703920   5244 5963260    0    0     0     0 10627 1992 15 21 64  0  0
 1  0      0 6705732   5244 5963292    0    0     0     0 10013 2630 15 24 61  0  0
 3  0      0 6703532   5244 5963320    0    0     0     0 9197 2923 15 25 60  0  0
 1  0      0 6706908   5244 5963384    0    0     0     0 10593 2916 17 20 63  0  0
 3  0      0 6710524   5244 5963388    0    0     0     0 9564 2025 16 20 64  0  0
 2  0      0 6713984   5244 5963388    0    0     0     0 8143 2336 16 21 63  0  0
 2  0      0 6710132   5244 5963408    0    0     0     0 8742 1929 16 19 65  0  0
 3  0      0 6716836   5244 5963408    0    0     0     0 10409 3016 16 20 64  0  0
 1  0      0 6720076   5244 5963416    0    0     0     0 9118 1919 16 17 67  0  0
 2  0      0 6718456   5244 5963416    0    0     0     0 9554 2486 16 22 62  0  0
 1  0      0 6725400   5244 5963416    0    0     0    30 8572 2044 16 19 65  0  0
 1  0      0 6718976   5244 5963416    0    0     0     4 7555 2186 15 19 65  0  0
 1  0      0 6710476   5244 5963416    0    0     0     0 9676 2239 15 22 63  0  0
 2  0      0 6710840   5244 5963416    0    0     0     0 10111 2246 16 20 64  0  0
 6  0      0 6707528   5244 5963464    0    0     0     0 8397 1250 14 22 64  0  0
 1  0      0 6715112   5244 5963464    0    0     0     0 8770 1950 15 17 67  0  0
 2  0      0 6712672   5244 5963464    0    0     0     0 8271 1908 16 22 61  0  0
 1  0      0 6718840   5244 5963464    0    0     0     0 9300 2451 15 20 65  0  0
 1  0      0 6721648   5244 5963464    0    0     0     0 9441 1986 16 19 65  0  0
 1  0      0 6726864   5244 5963464    0    0     0     0 8133 2249 16 21 63  0  0
 2  0      0 6719084   5244 5963464    0    0     0     0 9871 1966 16 24 60  0  0
procs -----------memory---------- ---swap-- -----io---- -system-- ------cpu-----
 r  b   swpd   free   buff  cache   si   so    bi    bo   in   cs us sy id wa st
 1  1      0 6710852   5244 5963464    0    0     0    16 8996 2174 15 21 55  8  0
 1  1      0 6704192   5244 5963464    0    0     0     0 9488 2565 16 27 38 19  0
 1  0      0 6694088   5244 5963468    0    0     0     0 10440 2307 15 20 53 13  0
 1  0      0 6691940   5244 5963468    0    0     0     0 9599 2069 15 21 63  0  0
 1  0      0 6693236   5244 5963468    0    0     0     0 10941 1971 15 21 64  0  0
 1  0      0 6694980   5244 5963468    0    0     0     4 9658 1733 15 22 62  0  0
 1  0      0 6693632   5244 5963468    0    0     0     0 10456 2912 16 24 60  0  0
 1  0      0 6683916   5244 5963484    0    0     0     0 9020 1783 16 23 62  0  0
 1  0      0 6681572   5244 5963484    0    0     0     0 10472 2275 15 21 64  0  0
 3  0      0 6667404   5244 5963484    0    0     0     0 8423 1966 14 19 66  0  0
 2  0      0 6666172   5244 5963500    0    0     0     0 8642 2025 14 22 64  0  0
 1  0      0 6656532   5244 5963500    0    0     0     0 10372 2554 15 23 62  0  0
 7  0      0 6650924   5244 5963516    0    0     0     0 9414 1357 14 24 62  0  0
 1  0      0 6650568   5244 5963516    0    0     0     0 9213 1816 14 20 66  0  0
 1  0      0 6650192   5244 5963516    0    0     0     0 9581 1924 15 22 63  0  0
 2  0      0 6655164   5244 5963516    0    0     0     0 9111 1887 14 25 61  0  0
 1  0      0 6655504   5244 5963500    0    0     0     0 10136 2506 15 22 64  0  0
 1  0      0 6655896   5244 5963500    0    0     0     0 8448 1752 14 20 66  0  0
 1  0      0 6660784   5244 5963500    0    0     0     0 8866 2127 16 22 62  0  0
 1  0      0 6660348   5244 5963500    0    0     0     2 9991 2071 15 25 60  0  0
 1  0      0 6670868   5244 5963500    0    0     0     0 9163 2269 16 20 63  0  0
procs -----------memory---------- ---swap-- -----io---- -system-- ------cpu-----
 r  b   swpd   free   buff  cache   si   so    bi    bo   in   cs us sy id wa st
 2  0      0 6667544   5244 5963504    0    0     0     8 9686 2371 15 23 62  0  0
 1  0      0 6663952   5244 5963504    0    0     0     0 9247 2283 15 22 63  0  0
 1  0      0 6665904   5244 5963504    0    0     0     0 9344 1651 14 22 64  0  0
 1  0      0 6677264   5244 5963504    0    0     0     0 9979 2101 15 19 66  0  0
 2  0      0 6676116   5244 5963504    0    0     0     0 9266 1700 15 23 62  0  0
 1  0      0 6670060   5244 5963504    0    0     0     0 10184 2916 16 20 64  0  0
 1  0      0 6684092   5244 5963504    0    0     0     0 9269 1775 14 21 64  0  0
 1  0      0 6688612   5244 5963504    0    0     0     0 8347 2169 14 21 65  0  0
 2  0      0 6689304   5244 5963504    0    0     0     0 8524 1865 15 22 63  0  0
 1  0      0 6686820   5244 5963504    0    0     0     0 9286 2084 15 22 63  0  0
 1  0      0 6694372   5244 5963504    0    0     0    12 9431 2650 16 21 63  0  0
 2  0      0 6690596   5244 5963504    0    0     0     0 10428 2355 16 21 63  0  0
 1  0      0 6700028   5244 5963504    0    0     0     0 10836 1910 14 21 65  0  0
 4  0      0 6696704   5244 5963504    0    0     0     0 9887 1452 14 24 62  0  0
 1  0      0 6705188   5244 5963504    0    0     0     0 9656 1661 14 21 65  0  0
 1  1      0 6698632   5244 5963504    0    0     0     4 9810 2877 18 22 48 12  0
 1  1      0 6696900   5244 5963504    0    0     0     0 10932 2056 15 23 42 20  0
 2  0      0 6689576   5244 5963504    0    0     0     0 9523 2497 15 21 55  9  0
 1  0      0 6699804   5244 5963504    0    0     0     0 10729 2053 14 21 64  0  0
 1  0      0 6701416   5244 5963504    0    0     0     0 9892 2374 14 21 65  0  0
 1  0      0 6697912   5244 5963504    0    0     0     0 9502 2540 16 25 59  0  0
procs -----------memory---------- ---swap-- -----io---- -system-- ------cpu-----
 r  b   swpd   free   buff  cache   si   so    bi    bo   in   cs us sy id wa st
 2  0      0 6684772   5244 5963504    0    0     0     0 9003 1913 15 19 66  0  0
 1  0      0 6680684   5244 5963504    0    0     0     0 10615 1966 15 21 64  0  0
 1  0      0 6667388   5244 5963504    0    0     0     0 9738 2303 15 22 63  0  0
 1  0      0 6664308   5244 5963504    0    0     0     0 8463 2302 14 26 60  0  0
 1  0      0 6656488   5244 5963508    0    0     0     0 11175 2720 15 22 64  0  0
 2  0      0 6662116   5244 5963512    0    0     0     0 10206 1874 15 20 65  0  0
 1  0      0 6662752   5244 5963516    0    0     0     0 10019 2237 15 22 63  0  0
 2  0      0 6660316   5244 5963516    0    0     0     3 10726 1915 15 23 62  0  0
 2  0      0 6669904   5244 5963528    0    0     0     0 9604 2157 16 25 59  0  0
 1  0      0 6669548   5244 5963528    0    0     0     0 11121 2657 15 22 63  0  0
 3  0      0 6667412   5244 5963528    0    0     0     0 10281 2233 14 24 61  0  0
 1  0      0 6678052   5244 5963528    0    0     0     0 9618 2049 15 21 65  0  0
 1  0      0 6678732   5244 5963528    0    0     0     0 10275 2153 15 24 61  0  0
 7  0      0 6677312   5244 5963528    0    0     0     0 10313 1076 15 21 65  0  0
 2  0      0 6685504   5244 5963528    0    0     0     8 9550 2514 15 27 58  0  0
 2  0      0 6683952   5244 5963528    0    0     0     0 9899 1954 15 26 59  0  0
 2  0      0 6694252   5244 5963528    0    0     0     0 9835 2160 15 25 61  0  0
 1  0      0 6693596   5244 5963528    0    0     0     0 9357 1953 14 25 61  0  0
 5  0      0 6699808   5244 5963528    0    0     0     0 10183 2328 15 22 63  0  0
 1  0      0 6696896   5244 5963528    0    0     0    12 10700 2604 15 22 62  0  0
 1  0      0 6700920   5244 5963528    0    0     0     0 8934 2167 15 24 61  0  0
procs -----------memory---------- ---swap-- -----io---- -system-- ------cpu-----
 r  b   swpd   free   buff  cache   si   so    bi    bo   in   cs us sy id wa st
 1  0      0 6693460   5244 5963528    0    0     0     0 9789 1971 15 25 60  0  0
 1  0      0 6693836   5244 5963528    0    0     0     0 9909 2098 15 24 62  0  0
 2  0      0 6688260   5244 5963528    0    0     0     0 9672 1894 15 25 59  0  0
 1  0      0 6698584   5244 5963528    0    0     0     0 9739 2935 18 25 58  0  0
 1  0      0 6694144   5244 5963532    0    0     0     4 9520 2070 15 23 61  0  0
 1  0      0 6684640   5244 5963532    0    0     0     0 10495 2319 15 20 65  0  0
 1  0      0 6680144   5244 5963532    0    0     0     0 9889 2018 14 20 66  0  0
 1  0      0 6683140   5244 5963532    0    0     0     0 9032 1937 15 20 65  0  0
 2  0      0 6683656   5244 5963532    0    0     0     0 8318 2112 15 23 63  0  0
 1  0      0 6688256   5244 5963528    0    0     0     0 10877 2144 15 21 64  0  0
 1  0      0 6687716   5244 5963528    0    0     0     0 9197 1930 14 21 66  0  0
 4  0      0 6693600   5244 5963528    0    0     0     0 9906 2374 15 25 60  0  0
 2  0      0 6699092   5244 5963528    0    0     0     0 9489 1786 15 19 66  0  0
 1  0      0 6699128   5244 5963528    0    0     0     0 9009 2341 15 21 64  0  0
 1  0      0 6702380   5244 5963528    0    0     0     0 9395 2064 16 24 61  0  0
 8  0      0 6694468   5244 5963528    0    0     0     0 9353 1574 14 22 64  0  0
 6  0      0 6694556   5244 5963528    0    0     0     2 9846 1536 15 23 63  0  0
 1  0      0 6683096   5244 5963528    0    0     0     0 10762 2370 16 25 60  0  0
 1  0      0 6676192   5244 5963528    0    0     0     0 9349 2453 16 25 59  0  0
 1  0      0 6672596   5244 5963528    0    0     0     0 9500 2263 16 21 63  0  0
 1  0      0 6669948   5244 5963528    0    0     0     0 11305 2264 14 21 65  0  0
procs -----------memory---------- ---swap-- -----io---- -system-- ------cpu-----
 r  b   swpd   free   buff  cache   si   so    bi    bo   in   cs us sy id wa st
 1  0      0 6678516   5244 5963528    0    0     0     0 9672 2165 15 19 66  0  0
 2  0      0 6677704   5244 5963528    0    0     0     0 9379 1930 15 20 66  0  0
 1  0      0 6677992   5244 5963528    0    0     0     0 10030 2956 15 20 66  0  0
 1  0      0 6687284   5244 5963512    0    0     0     4 11241 2159 15 22 64  0  0
 2  0      0 6684824   5244 5963512    0    0     0     0 9526 2473 14 25 62  0  0
 2  0      0 6695476   5244 5963512    0    0     0     0 9795 2200 15 19 67  0  0
 2  0      0 6694432   5244 5963508    0    0     0     0 10426 2680 15 24 62  0  0
 6  0      0 6705024   5244 5963508    0    0     0     0 10238 3205 15 21 63  0  0
 1  0      0 6706672   5244 5963512    0    0     0     4 11824 2494 14 21 65  0  0
 1  0      0 6706184   5244 5963512    0    0     0     0 10554 2448 14 23 63  0  0
 1  0      0 6711548   5244 5963512    0    0     0     0 8406 2178 14 23 63  0  0
 4  0      0 6713324   5244 5963512    0    0     0     0 9440 2024 15 20 65  0  0
 1  0      0 6722024   5244 5963496    0    0     0     0 10204 3022 16 23 61  0  0
 1  0      0 6723256   5244 5963432    0    0     0     4 11038 2145 15 18 67  0  0
 1  0      0 6723352   5244 5963392    0    0     0     0 9600 2300 15 22 63  0  0
 1  0      0 6734168   5244 5963320    0    0     0     0 10957 2415 15 18 67  0  0
 5  0      0 6735024   5244 5963208    0    0     0     0 12320 2649 15 18 67  0  0
 2  0      0 6737576   5244 5963124    0    0     0     0 10842 2833 15 19 66  0  0
 0  0      0 6744444   5244 5962984    0    0     0     0 8806 1763 11 15 74  0  0
 0  0      0 6743968   5244 5962984    0    0     0     0 1463 2252  1  1 98  0  0
 2  0      0 6743632   5244 5962984    0    0     0     0 1554 2303  1  1 98  0  0
procs -----------memory---------- ---swap-- -----io---- -system-- ------cpu-----
 r  b   swpd   free   buff  cache   si   so    bi    bo   in   cs us sy id wa st
 2  0      0 6742156   5244 5962984    0    0     0     0 1646 2440  1  1 98  0  0
 0  0      0 6742536   5244 5962984    0    0     0     0 1931 2756  2  2 97  0  0
 0  0      0 6742932   5244 5962984    0    0     0     0 1425 2048  1  1 98  0  0
 0  0      0 6743040   5244 5962984    0    0     0     0 1577 2258  1  1 97  0  0
 1  0      0 6743288   5244 5962984    0    0     0     0 1362 1977  1  1 98  0  0
 2  0      0 6737980   5244 5962984    0    0     0    14 1950 2964  1  1 98  0  0
 0  0      0 6743316   5244 5962984    0    0     0     0 1872 2585  1  2 97  0  0
 0  0      0 6743984   5244 5962984    0    0     0     0 1573 2326  1  1 98  0  0
 0  0      0 6743928   5244 5962984    0    0     0     0 1394 2011  1  1 98  0  0
 0  0      0 6743668   5244 5962984    0    0     0     0 1601 2275  1  1 98  0  0
 4  0      0 6738104   5244 5962984    0    0     0     0 1780 2608  2  1 97  0  0
 0  0      0 6743044   5244 5962984    0    0     0     0 1973 2821  1  2 97  0  0
