procs -----------memory---------- ---swap-- -----io---- -system-- ------cpu-----
 r  b   swpd   free   buff  cache   si   so    bi    bo   in   cs us sy id wa st
 0  0      0 5982752   5244 6487904    0    0     0     5    1    8  1  1 99  0  0
 0  0      0 5982256   5244 6487908    0    0     0     0 1301 1892  1  0 99  0  0
 0  2      0 5982256   5244 6487908    0    0     0     8 1322 2067  1  1 80 18  0
 0  2      0 5982600   5244 6487908    0    0     0     0 1831 2674  2  1 73 24  0
 0  0      0 5982544   5244 6487908    0    0     0     0 1205 1846  1  1 94  4  0
 1  0      0 5982560   5244 6487904    0    0     0     0 9929 6989 11 15 75  0  0
 2  0      0 5983224   5244 6487904    0    0     0     0 13672 9720 17 20 63  0  0
10  0      0 5979984   5244 6487904    0    0     0     0 16924 46769 23 26 50  0  0
 6  0      0 5979348   5244 6487904    0    0     0     0 18702 13276 26 30 44  0  0
17  0      0 5977764   5244 6487904    0    0     0     0 20398 52816 28 36 36  0  0
 5  0      0 5977120   5244 6487888    0    0     0     0 23786 22985 30 38 32  0  0
39  0      0 5972300   5244 6487872    0    0     0     0 25015 175690 33 44 23  0  0
 3  0      0 5970988   5244 6487872    0    0     0     0 27099 100815 34 42 25  0  0
48  0      0 5963132   5244 6487912    0    0     0     0 21048 568131 40 54  6  0  0
11  0      0 5961716   5244 6487912    0    0     0     0 28086 513840 42 54  4  0  0
72  0      0 5960600   5244 6487908    0    0     0     0 27693 38807 38 50 12  0  0
69  0      0 5959312   5244 6487912    0    0     0     0 22605 468110 41 53  6  0  0
70  0      0 5959788   5244 6487928    0    0     0     0 18553 1105310 44 55  2  0  0
80  0      0 5961036   5244 6487932    0    0     0     0 28272 445870 42 55  3  0  0
128  0      0 5960608   5244 6487932    0    0     0     0 22644 692698 43 52  5  0  0
29  0      0 5960844   5244 6487980    0    0     0     0 29035 208595 45 53  2  0  0
procs -----------memory---------- ---swap-- -----io---- -system-- ------cpu-----
 r  b   swpd   free   buff  cache   si   so    bi    bo   in   cs us sy id wa st
151  0      0 5960100   5244 6487988    0    0     0     0 21355 449026 44 53  3  0  0
142  0      0 5962596   5244 6488028    0    0     0     0 22867 211932 41 49 10  0  0
17  0      0 5961696   5244 6488060    0    0     0     0 25233 288387 42 55  3  0  0
21  0      0 5961900   5244 6488128    0    0     0     0 22045 330907 44 53  3  0  0
39  0      0 5961072   5244 6488132    0    0     0     0 23162 124485 45 53  2  0  0
122  0      0 5961180   5244 6488136    0    0     0    56 23021 255906 44 51  5  0  0
106  0      0 5960880   5244 6488144    0    0     0     0 21101 569755 45 53  2  0  0
 5  0      0 5959020   5244 6488140    0    0     0     0 22109 355332 44 54  2  0  0
117  0      0 5959272   5244 6488160    0    0     0     0 23162 70108 44 50  6  0  0
105  0      0 5959664   5244 6488160    0    0     0     0 21267 511033 45 53  3  0  0
58  0      0 5958692   5244 6488148    0    0     0     0 21685 463822 43 51  5  0  0
118  0      0 5959244   5244 6488148    0    0     0    24 22151 611487 43 54  4  0  0
46  0      0 5956020   5244 6488148    0    0     0     0 24084 36153 44 52  3  0  0
15  0      0 5951488   5244 6488148    0    0     0     0 20483 578072 44 51  5  0  0
154  0      0 5952164   5244 6488148    0    0     0     0 25121 20162 44 53  3  0  0
164  0      0 5952908   5244 6488152    0    0     0     0 19558 672357 44 53  3  0  0
65  0      0 5953252   5244 6488164    0    0     0     0 17871 314999 38 45 16  0  0
70  0      0 5952124   5244 6488176    0    0     0     0 29806 181021 44 54  2  0  0
127  0      0 5952240   5244 6488184    0    0     0     0 18905 539742 37 48 15  0  0
62  0      0 5949500   5244 6488184    0    0     0     0 20600 714665 42 56  2  0  0
14  0      0 5950264   5244 6488208    0    0     0     0 25937 320289 42 54  3  0  0
procs -----------memory---------- ---swap-- -----io---- -system-- ------cpu-----
 r  b   swpd   free   buff  cache   si   so    bi    bo   in   cs us sy id wa st
56  0      0 5949484   5244 6488204    0    0     0     0 21733 567632 42 50  8  0  0
 3  0      0 5949200   5244 6488208    0    0     0     0 27002 267059 41 50  9  0  0
17  0      0 5949084   5244 6488208    0    0     0     0 17308 11180 26 29 45  0  0
62  0      0 5948924   5244 6488196    0    0     0     0 20794 149356 35 43 22  0  0
27  0      0 5949124   5244 6488196    0    0     0     0 28510 318021 43 53  4  0  0
38  0      0 5948164   5244 6488196    0    0     0     0 20738 238003 37 45 18  0  0
62  0      0 5948788   5244 6488196    0    0     0     0 24546 11181 46 51  3  0  0
102  0      0 5948580   5244 6488196    0    0     0     0 22175 669120 44 53  3  0  0
31  0      0 5948476   5244 6488196    0    0     0     0 24955 515844 44 53  3  0  0
168  0      0 5948732   5244 6488196    0    0     0     0 23045 330527 45 52  3  0  0
84  0      0 5950736   5244 6488196    0    0     0     0 20220 410930 40 46 14  0  0
162  0      0 5950256   5244 6488192    0    0     0     0 26124 172913 37 49 14  0  0
25  0      0 5951292   5244 6488192    0    0     0     0 19852 620527 43 52  4  0  0
31  0      0 5950284   5244 6488192    0    0     0     0 29014 179359 43 54  3  0  0
93  0      0 5950116   5244 6488200    0    0     0    31 22294 336338 44 52  4  0  0
45  0      0 5950300   5244 6488200    0    0     0     0 19885 400403 43 54  3  0  0
113  0      0 5948984   5244 6488200    0    0     0     0 22628 340150 44 53  3  0  0
92  0      0 5948352   5244 6488200    0    0     0     0 19721 540028 41 51  8  0  0
44  0      0 5948060   5244 6488200    0    0     0     0 25597 587102 44 54  2  0  0
24  0      0 5947392   5244 6488200    0    0     0     0 21143 475835 42 53  5  0  0
85  0      0 5947300   5244 6488200    0    0     0     0 21468 413208 37 47 16  0  0
procs -----------memory---------- ---swap-- -----io---- -system-- ------cpu-----
 r  b   swpd   free   buff  cache   si   so    bi    bo   in   cs us sy id wa st
56  0      0 5947368   5244 6488200    0    0     0    28 25806 53396 43 54  3  0  0
17  0      0 5947560   5244 6488208    0    0     0     0 20041 544804 44 51  4  0  0
109  0      0 5947192   5244 6488208    0    0     0     0 23823 157020 43 53  4  0  0
126  0      0 5947468   5244 6488208    0    0     0     0 21482 676530 44 53  3  0  0
27  0      0 5946868   5244 6488208    0    0     0     0 22222 203428 43 51  6  0  0
25  0      0 5946568   5244 6488204    0    0     0     0 22690 8454 42 54  4  0  0
36  0      0 5945912   5244 6488196    0    0     0     0 19833 144050 43 53  4  0  0
40  0      0 5947496   5244 6488188    0    0     0     0 22756 54153 44 51  5  0  0
108  0      0 5947484   5244 6488180    0    0     0     0 21243 410497 44 51  5  0  0
145  0      0 5946520   5244 6488180    0    0     0     0 21358 765947 44 55  1  0  0
76  0      0 5946560   5244 6488184    0    0     0     0 26514 339547 43 53  4  0  0
73  0      0 5946724   5244 6488184    0    0     0     0 21674 279673 43 50  7  0  0
51  0      0 5945820   5244 6488184    0    0     0     0 22308 118032 45 54  2  0  0
 2  0      0 5945484   5244 6488200    0    0     0     0 21530 286875 41 48 11  0  0
166  0      0 5945372   5244 6488204    0    0     0     0 17148 520587 33 40 27  0  0
93  0      0 5945304   5244 6488204    0    0     0     0 22319 521518 41 55  5  0  0
14  0      0 5945888   5244 6488204    0    0     0     0 24043 272369 40 55  4  0  0
99  0      0 5945580   5244 6488204    0    0     0     0 19069 7987 41 56  2  0  0
172  0      0 5946260   5244 6488204    0    0     0     0 19061 320232 43 53  4  0  0
14  0      0 5948320   5244 6488200    0    0     0     0 25314 560565 44 53  3  0  0
45  0      0 5948588   5244 6488200    0    0     0     0 29398 22688 43 54  3  0  0
procs -----------memory---------- ---swap-- -----io---- -system-- ------cpu-----
 r  b   swpd   free   buff  cache   si   so    bi    bo   in   cs us sy id wa st
133  0      0 5948740   5244 6488192    0    0     0     0 20573 256080 44 52  4  0  0
154  0      0 5948220   5244 6488192    0    0     0     0 22064 401833 44 54  2  0  0
112  0      0 5948100   5244 6488196    0    0     0     0 21099 995865 43 56  1  0  0
105  0      0 5948176   5244 6488212    0    0     0     3 26625 239560 40 51  9  0  0
 0  0      0 5947256   5244 6488228    0    0     0     0 24964 41169 43 52  6  0  0
 0  0      0 5947192   5244 6488228    0    0     0     0 17605 784473 37 48 15  0  0
159  0      0 5946500   5244 6488228    0    0     0     0 24251 302182 34 43 23  0  0
 0  0      0 5946620   5244 6488228    0    0     0     0 21498 585603 36 47 17  0  0
43  0      0 5945612   5244 6488228    0    0     0     0 17557 159491 27 33 41  0  0
12  0      0 5944908   5244 6488224    0    0     0     0 21529 482391 35 47 18  0  0
70  0      0 5944020   5244 6488224    0    0     0    28 21718 273130 32 40 29  0  0
148  0      0 5945608   5244 6488220    0    0     0     0 23295 662320 39 54  7  0  0
 0  0      0 5945728   5244 6488220    0    0     0     0 18790 820477 37 50 13  0  0
19  0      0 5945992   5244 6488216    0    0     0     0 21412 401329 34 47 19  0  0
114  0      0 5945788   5244 6488208    0    0     0     0 29667 162077 41 55  4  0  0
165  0      0 5945304   5244 6488208    0    0     0     0 19959 602624 38 49 13  0  0
62  0      0 5945612   5244 6488208    0    0     0     0 26736 613951 43 55  2  0  0
40  0      0 5945396   5244 6488212    0    0     0     0 25707 361852 42 53  5  0  0
122  0      0 5945600   5244 6488216    0    0     0     0 20531 684153 41 58  2  0  0
113  0      0 5944484   5244 6488216    0    0     0     0 21291 427770 39 51 10  0  0
98  0      0 5945816   5244 6488216    0    0     0     0 22910 740352 39 50 11  0  0
procs -----------memory---------- ---swap-- -----io---- -system-- ------cpu-----
 r  b   swpd   free   buff  cache   si   so    bi    bo   in   cs us sy id wa st
123  0      0 5945584   5244 6488216    0    0     0     0 20951 610239 40 54  5  0  0
190  0      0 5945128   5244 6488212    0    0     0     0 14268 255038 42 58  1  0  0
86  0      0 5945020   5244 6488208    0    0     0     0 17025 185001 32 46 21  0  0
47  0      0 5944680   5244 6488208    0    0     0     0 22160 192916 39 53  7  0  0
106  0      0 5944392   5244 6488208    0    0     0     0 23699 135051 38 50 12  0  0
 0  0      0 5944272   5244 6488216    0    0     0     0 21167 579149 41 51  8  0  0
12  0      0 5944848   5244 6488224    0    0     0     0 26364 560040 43 54  3  0  0
95  0      0 5935960   5244 6488236    0    0     0     0 25823 193787 44 52  4  0  0
17  0      0 5946608   5244 6488232    0    0     0     0 22981 226148 45 51  4  0  0
116  0      0 5947008   5244 6488232    0    0     0     0 21636 565262 44 53  3  0  0
48  0      0 5946560   5244 6488224    0    0     0     0 23103 445844 43 52  4  0  0
82  0      0 5946596   5244 6488220    0    0     0     0 23431 131583 43 48  9  0  0
167  0      0 5946144   5244 6488220    0    0     0     2 16879 847002 40 47 13  0  0
161  0      0 5945404   5244 6488220    0    0     0     0 30666 245091 45 54  1  0  0
122  0      0 5944896   5244 6488220    0    0     0     0 20202 393624 41 48 11  0  0
 7  0      0 5944956   5244 6488220    0    0     0     0 21981 346664 43 55  2  0  0
80  0      0 5944000   5244 6488220    0    0     0     0 24094 20091 44 53  3  0  0
31  0      0 5943820   5244 6488212    0    0     0     0 20824 389569 42 51  6  0  0
17  0      0 5943176   5244 6488212    0    0     0     0 21359 488461 42 51  7  0  0
25  0      0 5943140   5244 6488212    0    0     0    20 26752 302827 44 52  4  0  0
26  0      0 5944260   5244 6488212    0    0     0     0 20578 641540 42 53  5  0  0
procs -----------memory---------- ---swap-- -----io---- -system-- ------cpu-----
 r  b   swpd   free   buff  cache   si   so    bi    bo   in   cs us sy id wa st
122  0      0 5944752   5244 6488208    0    0     0     0 24867 401801 39 49 12  0  0
39  0      0 5943480   5244 6488192    0    0     0     0 23491 367401 44 54  2  0  0
11  0      0 5944128   5244 6488176    0    0     0     0 27907 140561 43 54  3  0  0
86  0      0 5944064   5244 6488172    0    0     0     4 19856 476604 41 49 10  0  0
23  0      0 5944252   5244 6488172    0    0     0     0 22901 485661 44 53  3  0  0
103  0      0 5943940   5244 6488160    0    0     0     0 23703 476403 41 52  7  0  0
41  0      0 5942548   5244 6488156    0    0     0     0 22639 545477 42 54  4  0  0
10  0      0 5942704   5244 6488068    0    0     0     0 27953 12071 39 54  7  0  0
15  0      0 5942460   5244 6488024    0    0     0     0 24728 16891 38 48 14  0  0
 5  0      0 5941892   5244 6488024    0    0     0     0 21980 385702 39 49 13  0  0
 3  0      0 5942192   5244 6488024    0    0     0     0 23242 353909 38 46 16  0  0
22  0      0 5941592   5244 6488024    0    0     0     0 23905 200979 34 48 18  0  0
10  0      0 5947684   5244 6488036    0    0     0     0 22575 18944 32 37 31  0  0
 5  0      0 5948180   5244 6488036    0    0     0     0 22246 18548 29 33 38  0  0
 4  0      0 5947820   5244 6488036    0    0     0     0 22160 17160 26 32 42  0  0
 7  0      0 5948120   5244 6488036    0    0     0     0 19912 14310 24 31 45  0  0
 4  0      0 5950540   5244 6488036    0    0     0     0 17876 14214 22 25 53  0  0
 4  0      0 5950544   5244 6488036    0    0     0     0 15054 11337 20 26 54  0  0
 0  0      0 5952120   5244 6488036    0    0     0     0 10804 8328 14 17 69  0  0
 0  0      0 5952016   5244 6488036    0    0     0     0 1436 2064  1  2 98  0  0
 0  0      0 5951652   5244 6488036    0    0     0     0 1597 2386  1  1 98  0  0
procs -----------memory---------- ---swap-- -----io---- -system-- ------cpu-----
 r  b   swpd   free   buff  cache   si   so    bi    bo   in   cs us sy id wa st
 0  0      0 5950924   5244 6488036    0    0     0    10 1619 2288  2  2 97  0  0
 0  0      0 5950580   5244 6488036    0    0     0     0 2061 2941  2  2 96  0  0
 0  0      0 5950144   5244 6488036    0    0     0     0 1816 2500  2  2 97  0  0
 0  0      0 5949948   5244 6488036    0    0     0     0 1533 2163  1  1 98  0  0
 0  0      0 5949976   5244 6488036    0    0     0     0 1434 2054  1  1 98  0  0
 0  0      0 5950512   5244 6488036    0    0     0     0 1688 2360  1  1 98  0  0
 0  0      0 5950732   5244 6488036    0    0     0     0 2029 2829  2  2 96  0  0
 2  0      0 5951152   5244 6488036    0    0     0     0 1546 2250  1  2 97  0  0
 0  0      0 5951320   5244 6488036    0    0     0    20 1657 2391  1  1 98  0  0
